This file contains any messages produced by compilers while
running configure, to aid debugging if configure makes a mistake.

It was created by or1ksim configure 2011-08-15, which was
generated by GNU Autoconf 2.68.  Invocation command line was

  $ ./configure --prefix=/opt/or1ksim --target=or32-elf target_alias=or32-elf --no-create --no-recursion

## --------- ##
## Platform. ##
## --------- ##

hostname = oxygen
uname -m = x86_64
uname -r = 3.0.0-16-generic
uname -s = Linux
uname -v = #28-Ubuntu SMP Fri Jan 27 17:44:39 UTC 2012

/usr/bin/uname -p = unknown
/bin/uname -X     = unknown

/bin/arch              = unknown
/usr/bin/arch -k       = unknown
/usr/convex/getsysinfo = unknown
/usr/bin/hostinfo      = unknown
/bin/machine           = unknown
/usr/bin/oslevel       = unknown
/bin/universe          = unknown

PATH: /opt/digilent/sbin
PATH: /opt/digilent/bin
PATH: /opt/codesourcery/bin
PATH: /opt/eclipse
PATH: /opt/android-ndk
PATH: /opt/android-sdk/platform-tools
PATH: /opt/android-sdk/tools
PATH: /home/echen/bin
PATH: /opt/digilent/sbin
PATH: /opt/digilent/bin
PATH: /opt/codesourcery/bin
PATH: /opt/eclipse
PATH: /opt/android-ndk
PATH: /opt/android-sdk/platform-tools
PATH: /opt/android-sdk/tools
PATH: /home/echen/bin
PATH: /usr/lib/lightdm/lightdm
PATH: /usr/local/sbin
PATH: /usr/local/bin
PATH: /usr/sbin
PATH: /usr/bin
PATH: /sbin
PATH: /bin
PATH: /usr/games


## ----------- ##
## Core tests. ##
## ----------- ##

configure:2735: checking for gcc
configure:2751: found /usr/bin/gcc
configure:2762: result: gcc
configure:2991: checking for C compiler version
configure:3000: gcc --version >&5
gcc (Ubuntu/Linaro 4.6.1-9ubuntu3) 4.6.1
Copyright (C) 2011 Free Software Foundation, Inc.
This is free software; see the source for copying conditions.  There is NO
warranty; not even for MERCHANTABILITY or FITNESS FOR A PARTICULAR PURPOSE.

configure:3011: $? = 0
configure:3000: gcc -v >&5
Using built-in specs.
COLLECT_GCC=gcc
COLLECT_LTO_WRAPPER=/usr/lib/gcc/x86_64-linux-gnu/4.6.1/lto-wrapper
Target: x86_64-linux-gnu
Configured with: ../src/configure -v --with-pkgversion='Ubuntu/Linaro 4.6.1-9ubuntu3' --with-bugurl=file:///usr/share/doc/gcc-4.6/README.Bugs --enable-languages=c,c++,fortran,objc,obj-c++,go --prefix=/usr --program-suffix=-4.6 --enable-shared --enable-linker-build-id --with-system-zlib --libexecdir=/usr/lib --without-included-gettext --enable-threads=posix --with-gxx-include-dir=/usr/include/c++/4.6 --libdir=/usr/lib --enable-nls --with-sysroot=/ --enable-clocale=gnu --enable-libstdcxx-debug --enable-libstdcxx-time=yes --enable-plugin --enable-objc-gc --disable-werror --with-arch-32=i686 --with-tune=generic --enable-checking=release --build=x86_64-linux-gnu --host=x86_64-linux-gnu --target=x86_64-linux-gnu
Thread model: posix
gcc version 4.6.1 (Ubuntu/Linaro 4.6.1-9ubuntu3) 
configure:3011: $? = 0
configure:3000: gcc -V >&5
gcc: error: unrecognized option '-V'
gcc: fatal error: no input files
compilation terminated.
configure:3011: $? = 4
configure:3000: gcc -qversion >&5
gcc: error: unrecognized option '-qversion'
gcc: fatal error: no input files
compilation terminated.
configure:3011: $? = 4
configure:3031: checking whether the C compiler works
configure:3053: gcc    conftest.c  >&5
configure:3057: $? = 0
configure:3105: result: yes
configure:3108: checking for C compiler default output file name
configure:3110: result: a.out
configure:3116: checking for suffix of executables
configure:3123: gcc -o conftest    conftest.c  >&5
configure:3127: $? = 0
configure:3149: result: 
configure:3171: checking whether we are cross compiling
configure:3179: gcc -o conftest    conftest.c  >&5
configure:3183: $? = 0
configure:3190: ./conftest
configure:3194: $? = 0
configure:3209: result: no
configure:3214: checking for suffix of object files
configure:3236: gcc -c   conftest.c >&5
configure:3240: $? = 0
configure:3261: result: o
configure:3265: checking whether we are using the GNU C compiler
configure:3284: gcc -c   conftest.c >&5
configure:3284: $? = 0
configure:3293: result: yes
configure:3302: checking whether gcc accepts -g
configure:3322: gcc -c -g  conftest.c >&5
configure:3322: $? = 0
configure:3363: result: yes
configure:3380: checking for gcc option to accept ISO C89
configure:3444: gcc  -c -g -O2  conftest.c >&5
configure:3444: $? = 0
configure:3457: result: none needed
configure:3483: checking how to run the C preprocessor
configure:3514: gcc -E  conftest.c
configure:3514: $? = 0
configure:3528: gcc -E  conftest.c
conftest.c:9:28: fatal error: ac_nonexistent.h: No such file or directory
compilation terminated.
configure:3528: $? = 1
configure: failed program was:
| /* confdefs.h */
| #define PACKAGE_NAME "or1ksim"
| #define PACKAGE_TARNAME "or1ksim"
| #define PACKAGE_VERSION "2011-08-15"
| #define PACKAGE_STRING "or1ksim 2011-08-15"
| #define PACKAGE_BUGREPORT "openrisc@opencores.org"
| #define PACKAGE_URL ""
| /* end confdefs.h.  */
| #include <ac_nonexistent.h>
configure:3553: result: gcc -E
configure:3573: gcc -E  conftest.c
configure:3573: $? = 0
configure:3587: gcc -E  conftest.c
conftest.c:9:28: fatal error: ac_nonexistent.h: No such file or directory
compilation terminated.
configure:3587: $? = 1
configure: failed program was:
| /* confdefs.h */
| #define PACKAGE_NAME "or1ksim"
| #define PACKAGE_TARNAME "or1ksim"
| #define PACKAGE_VERSION "2011-08-15"
| #define PACKAGE_STRING "or1ksim 2011-08-15"
| #define PACKAGE_BUGREPORT "openrisc@opencores.org"
| #define PACKAGE_URL ""
| /* end confdefs.h.  */
| #include <ac_nonexistent.h>
configure:3616: checking for grep that handles long lines and -e
configure:3674: result: /bin/grep
configure:3679: checking for egrep
configure:3741: result: /bin/grep -E
configure:3746: checking for ANSI C header files
configure:3766: gcc -c -g -O2  conftest.c >&5
configure:3766: $? = 0
configure:3839: gcc -o conftest -g -O2   conftest.c  >&5
configure:3839: $? = 0
configure:3839: ./conftest
configure:3839: $? = 0
configure:3850: result: yes
configure:3863: checking for sys/types.h
configure:3863: gcc -c -g -O2  conftest.c >&5
configure:3863: $? = 0
configure:3863: result: yes
configure:3863: checking for sys/stat.h
configure:3863: gcc -c -g -O2  conftest.c >&5
configure:3863: $? = 0
configure:3863: result: yes
configure:3863: checking for stdlib.h
configure:3863: gcc -c -g -O2  conftest.c >&5
configure:3863: $? = 0
configure:3863: result: yes
configure:3863: checking for string.h
configure:3863: gcc -c -g -O2  conftest.c >&5
configure:3863: $? = 0
configure:3863: result: yes
configure:3863: checking for memory.h
configure:3863: gcc -c -g -O2  conftest.c >&5
configure:3863: $? = 0
configure:3863: result: yes
configure:3863: checking for strings.h
configure:3863: gcc -c -g -O2  conftest.c >&5
configure:3863: $? = 0
configure:3863: result: yes
configure:3863: checking for inttypes.h
configure:3863: gcc -c -g -O2  conftest.c >&5
configure:3863: $? = 0
configure:3863: result: yes
configure:3863: checking for stdint.h
configure:3863: gcc -c -g -O2  conftest.c >&5
configure:3863: $? = 0
configure:3863: result: yes
configure:3863: checking for unistd.h
configure:3863: gcc -c -g -O2  conftest.c >&5
configure:3863: $? = 0
configure:3863: result: yes
configure:3876: checking minix/config.h usability
configure:3876: gcc -c -g -O2  conftest.c >&5
conftest.c:52:26: fatal error: minix/config.h: No such file or directory
compilation terminated.
configure:3876: $? = 1
configure: failed program was:
| /* confdefs.h */
| #define PACKAGE_NAME "or1ksim"
| #define PACKAGE_TARNAME "or1ksim"
| #define PACKAGE_VERSION "2011-08-15"
| #define PACKAGE_STRING "or1ksim 2011-08-15"
| #define PACKAGE_BUGREPORT "openrisc@opencores.org"
| #define PACKAGE_URL ""
| #define STDC_HEADERS 1
| #define HAVE_SYS_TYPES_H 1
| #define HAVE_SYS_STAT_H 1
| #define HAVE_STDLIB_H 1
| #define HAVE_STRING_H 1
| #define HAVE_MEMORY_H 1
| #define HAVE_STRINGS_H 1
| #define HAVE_INTTYPES_H 1
| #define HAVE_STDINT_H 1
| #define HAVE_UNISTD_H 1
| /* end confdefs.h.  */
| #include <stdio.h>
| #ifdef HAVE_SYS_TYPES_H
| # include <sys/types.h>
| #endif
| #ifdef HAVE_SYS_STAT_H
| # include <sys/stat.h>
| #endif
| #ifdef STDC_HEADERS
| # include <stdlib.h>
| # include <stddef.h>
| #else
| # ifdef HAVE_STDLIB_H
| #  include <stdlib.h>
| # endif
| #endif
| #ifdef HAVE_STRING_H
| # if !defined STDC_HEADERS && defined HAVE_MEMORY_H
| #  include <memory.h>
| # endif
| # include <string.h>
| #endif
| #ifdef HAVE_STRINGS_H
| # include <strings.h>
| #endif
| #ifdef HAVE_INTTYPES_H
| # include <inttypes.h>
| #endif
| #ifdef HAVE_STDINT_H
| # include <stdint.h>
| #endif
| #ifdef HAVE_UNISTD_H
| # include <unistd.h>
| #endif
| #include <minix/config.h>
configure:3876: result: no
configure:3876: checking minix/config.h presence
configure:3876: gcc -E  conftest.c
conftest.c:19:26: fatal error: minix/config.h: No such file or directory
compilation terminated.
configure:3876: $? = 1
configure: failed program was:
| /* confdefs.h */
| #define PACKAGE_NAME "or1ksim"
| #define PACKAGE_TARNAME "or1ksim"
| #define PACKAGE_VERSION "2011-08-15"
| #define PACKAGE_STRING "or1ksim 2011-08-15"
| #define PACKAGE_BUGREPORT "openrisc@opencores.org"
| #define PACKAGE_URL ""
| #define STDC_HEADERS 1
| #define HAVE_SYS_TYPES_H 1
| #define HAVE_SYS_STAT_H 1
| #define HAVE_STDLIB_H 1
| #define HAVE_STRING_H 1
| #define HAVE_MEMORY_H 1
| #define HAVE_STRINGS_H 1
| #define HAVE_INTTYPES_H 1
| #define HAVE_STDINT_H 1
| #define HAVE_UNISTD_H 1
| /* end confdefs.h.  */
| #include <minix/config.h>
configure:3876: result: no
configure:3876: checking for minix/config.h
configure:3876: result: no
configure:3897: checking whether it is safe to define __EXTENSIONS__
configure:3915: gcc -c -g -O2  conftest.c >&5
configure:3915: $? = 0
configure:3922: result: yes
configure:3979: checking build system type
configure:3993: result: x86_64-unknown-linux-gnu
configure:4013: checking host system type
configure:4026: result: x86_64-unknown-linux-gnu
configure:4046: checking target system type
configure:4059: result: or32-unknown-elf
configure:4110: checking for a sed that does not truncate output
configure:4174: result: /bin/sed
configure:4192: checking for fgrep
configure:4254: result: /bin/grep -F
configure:4289: checking for ld used by gcc
configure:4356: result: /usr/bin/ld
configure:4363: checking if the linker (/usr/bin/ld) is GNU ld
configure:4378: result: yes
configure:4390: checking for BSD- or MS-compatible name lister (nm)
configure:4439: result: /usr/bin/nm -B
configure:4557: checking the name lister (/usr/bin/nm -B) interface
configure:4564: gcc -c -g -O2  conftest.c >&5
configure:4567: /usr/bin/nm -B "conftest.o"
configure:4570: output
0000000000000000 B some_variable
configure:4577: result: BSD nm
configure:4580: checking whether ln -s works
configure:4584: result: yes
configure:4592: checking the maximum length of command line arguments
configure:4712: result: 3458764513820540925
configure:4729: checking whether the shell understands some XSI constructs
configure:4739: result: yes
configure:4743: checking whether the shell understands "+="
configure:4749: result: yes
configure:4784: checking for /usr/bin/ld option to reload object files
configure:4791: result: -r
configure:4860: checking for objdump
configure:4876: found /usr/bin/objdump
configure:4887: result: objdump
configure:4919: checking how to recognize dependent libraries
configure:5115: result: pass_all
configure:5175: checking for ar
configure:5191: found /usr/bin/ar
configure:5202: result: ar
configure:5280: checking for strip
configure:5296: found /usr/bin/strip
configure:5307: result: strip
configure:5379: checking for ranlib
configure:5395: found /usr/bin/ranlib
configure:5406: result: ranlib
configure:5496: checking command to parse /usr/bin/nm -B output from gcc object
configure:5614: gcc -c -g -O2  conftest.c >&5
configure:5617: $? = 0
configure:5621: /usr/bin/nm -B conftest.o \| sed -n -e 's/^.*[	 ]\([ABCDGIRSTW][ABCDGIRSTW]*\)[	 ][	 ]*\([_A-Za-z][_A-Za-z0-9]*\)$/\1 \2 \2/p' \> conftest.nm
configure:5624: $? = 0
configure:5678: gcc -o conftest -g -O2   conftest.c conftstm.o >&5
configure:5681: $? = 0
configure:5719: result: ok
configure:5814: gcc -c -g -O2  conftest.c >&5
configure:5817: $? = 0
configure:6524: checking for dlfcn.h
configure:6524: gcc -c -g -O2  conftest.c >&5
configure:6524: $? = 0
configure:6524: result: yes
configure:6708: checking for objdir
configure:6723: result: .libs
configure:7019: checking if gcc supports -fno-rtti -fno-exceptions
configure:7037: gcc -c -g -O2  -fno-rtti -fno-exceptions conftest.c >&5
cc1: warning: command line option '-fno-rtti' is valid for C++/ObjC++ but not for C [enabled by default]
configure:7041: $? = 0
configure:7054: result: no
configure:7074: checking for gcc option to produce PIC
configure:7346: result: -fPIC -DPIC
configure:7358: checking if gcc PIC flag -fPIC -DPIC works
configure:7376: gcc -c -g -O2  -fPIC -DPIC -DPIC conftest.c >&5
configure:7380: $? = 0
configure:7393: result: yes
configure:7417: checking if gcc static flag -static works
configure:7445: result: yes
configure:7460: checking if gcc supports -c -o file.o
configure:7481: gcc -c -g -O2  -o out/conftest2.o conftest.c >&5
configure:7485: $? = 0
configure:7507: result: yes
configure:7515: checking if gcc supports -c -o file.o
configure:7562: result: yes
configure:7595: checking whether the gcc linker (/usr/bin/ld -m elf_x86_64) supports shared libraries
configure:8585: result: yes
configure:8622: checking whether -lc should be explicitly linked in
configure:8627: gcc -c -g -O2  conftest.c >&5
configure:8630: $? = 0
configure:8645: gcc -shared conftest.o  -v -Wl,-soname -Wl,conftest -o conftest 2\>\&1 \| /bin/grep  -lc  \>/dev/null 2\>\&1
configure:8648: $? = 0
configure:8660: result: no
configure:8824: checking dynamic linker characteristics
configure:9257: gcc -o conftest -g -O2   -Wl,-rpath -Wl,/foo conftest.c  >&5
configure:9257: $? = 0
configure:9487: result: GNU/Linux ld.so
configure:9589: checking how to hardcode library paths into programs
configure:9614: result: immediate
configure:10134: checking whether stripping libraries is possible
configure:10139: result: yes
configure:10174: checking if libtool supports shared libraries
configure:10176: result: yes
configure:10179: checking whether to build shared libraries
configure:10200: result: yes
configure:10203: checking whether to build static libraries
configure:10207: result: yes
configure:10258: checking for a BSD-compatible install
configure:10326: result: /usr/bin/install -c
configure:10337: checking whether build environment is sane
configure:10387: result: yes
configure:10528: checking for a thread-safe mkdir -p
configure:10567: result: /bin/mkdir -p
configure:10580: checking for gawk
configure:10596: found /usr/bin/gawk
configure:10607: result: gawk
configure:10618: checking whether make sets $(MAKE)
configure:10640: result: yes
configure:10670: checking for style of include used by make
configure:10698: result: GNU
configure:10783: checking dependency style of gcc
configure:10893: result: gcc3
configure:10976: checking dependency style of gcc
configure:11084: result: gcc3
configure:11148: checking for gcc
configure:11175: result: gcc
configure:11404: checking for C compiler version
configure:11413: gcc --version >&5
gcc (Ubuntu/Linaro 4.6.1-9ubuntu3) 4.6.1
Copyright (C) 2011 Free Software Foundation, Inc.
This is free software; see the source for copying conditions.  There is NO
warranty; not even for MERCHANTABILITY or FITNESS FOR A PARTICULAR PURPOSE.

configure:11424: $? = 0
configure:11413: gcc -v >&5
Using built-in specs.
COLLECT_GCC=gcc
COLLECT_LTO_WRAPPER=/usr/lib/gcc/x86_64-linux-gnu/4.6.1/lto-wrapper
Target: x86_64-linux-gnu
Configured with: ../src/configure -v --with-pkgversion='Ubuntu/Linaro 4.6.1-9ubuntu3' --with-bugurl=file:///usr/share/doc/gcc-4.6/README.Bugs --enable-languages=c,c++,fortran,objc,obj-c++,go --prefix=/usr --program-suffix=-4.6 --enable-shared --enable-linker-build-id --with-system-zlib --libexecdir=/usr/lib --without-included-gettext --enable-threads=posix --with-gxx-include-dir=/usr/include/c++/4.6 --libdir=/usr/lib --enable-nls --with-sysroot=/ --enable-clocale=gnu --enable-libstdcxx-debug --enable-libstdcxx-time=yes --enable-plugin --enable-objc-gc --disable-werror --with-arch-32=i686 --with-tune=generic --enable-checking=release --build=x86_64-linux-gnu --host=x86_64-linux-gnu --target=x86_64-linux-gnu
Thread model: posix
gcc version 4.6.1 (Ubuntu/Linaro 4.6.1-9ubuntu3) 
configure:11424: $? = 0
configure:11413: gcc -V >&5
gcc: error: unrecognized option '-V'
gcc: fatal error: no input files
compilation terminated.
configure:11424: $? = 4
configure:11413: gcc -qversion >&5
gcc: error: unrecognized option '-qversion'
gcc: fatal error: no input files
compilation terminated.
configure:11424: $? = 4
configure:11428: checking whether we are using the GNU C compiler
configure:11456: result: yes
configure:11465: checking whether gcc accepts -g
configure:11526: result: yes
configure:11543: checking for gcc option to accept ISO C89
configure:11620: result: none needed
configure:11641: checking whether gcc and cc understand -c and -o together
configure:11672: gcc -c conftest.c -o conftest2.o >&5
configure:11676: $? = 0
configure:11682: gcc -c conftest.c -o conftest2.o >&5
configure:11686: $? = 0
configure:11697: cc -c conftest.c >&5
configure:11701: $? = 0
configure:11709: cc -c conftest.c -o conftest2.o >&5
configure:11713: $? = 0
configure:11719: cc -c conftest.c -o conftest2.o >&5
configure:11723: $? = 0
configure:11741: result: yes
configure:11767: checking whether make sets $(MAKE)
configure:11789: result: yes
configure:11802: checking for ar
configure:11829: result: ar
configure:11842: checking return type of signal handlers
configure:11860: gcc -c -g -Wall -O2 -DOR32 -g -O2  conftest.c >&5
conftest.c: In function 'main':
conftest.c:36:1: error: void value not ignored as it ought to be
configure:11860: $? = 1
configure: failed program was:
| /* confdefs.h */
| #define PACKAGE_NAME "or1ksim"
| #define PACKAGE_TARNAME "or1ksim"
| #define PACKAGE_VERSION "2011-08-15"
| #define PACKAGE_STRING "or1ksim 2011-08-15"
| #define PACKAGE_BUGREPORT "openrisc@opencores.org"
| #define PACKAGE_URL ""
| #define STDC_HEADERS 1
| #define HAVE_SYS_TYPES_H 1
| #define HAVE_SYS_STAT_H 1
| #define HAVE_STDLIB_H 1
| #define HAVE_STRING_H 1
| #define HAVE_MEMORY_H 1
| #define HAVE_STRINGS_H 1
| #define HAVE_INTTYPES_H 1
| #define HAVE_STDINT_H 1
| #define HAVE_UNISTD_H 1
| #define __EXTENSIONS__ 1
| #define _ALL_SOURCE 1
| #define _GNU_SOURCE 1
| #define _POSIX_PTHREAD_SEMANTICS 1
| #define _TANDEM_SOURCE 1
| #define HAVE_DLFCN_H 1
| #define LT_OBJDIR ".libs/"
| #define PACKAGE "or1ksim"
| #define VERSION "2011-08-15"
| #define OR32_TYPES 1
| #define OR32_BIG_ENDIAN 1
| /* end confdefs.h.  */
| #include <sys/types.h>
| #include <signal.h>
| 
| int
| main ()
| {
| return *(signal (0, 0)) (0) == 1;
|   ;
|   return 0;
| }
configure:11867: result: void
configure:11882: checking for unistd.h
configure:11882: result: yes
configure:11882: checking for stdlib.h
configure:11882: result: yes
configure:11882: checking stdarg.h usability
configure:11882: gcc -c -g -Wall -O2 -DOR32 -g -O2  conftest.c >&5
configure:11882: $? = 0
configure:11882: result: yes
configure:11882: checking stdarg.h presence
configure:11882: gcc -E  conftest.c
configure:11882: $? = 0
configure:11882: result: yes
configure:11882: checking for stdarg.h
configure:11882: result: yes
configure:11882: checking for string.h
configure:11882: result: yes
configure:11882: checking for strings.h
configure:11882: result: yes
configure:11882: checking sys/ptem.h usability
configure:11882: gcc -c -g -Wall -O2 -DOR32 -g -O2  conftest.c >&5
conftest.c:69:22: fatal error: sys/ptem.h: No such file or directory
compilation terminated.
configure:11882: $? = 1
configure: failed program was:
| /* confdefs.h */
| #define PACKAGE_NAME "or1ksim"
| #define PACKAGE_TARNAME "or1ksim"
| #define PACKAGE_VERSION "2011-08-15"
| #define PACKAGE_STRING "or1ksim 2011-08-15"
| #define PACKAGE_BUGREPORT "openrisc@opencores.org"
| #define PACKAGE_URL ""
| #define STDC_HEADERS 1
| #define HAVE_SYS_TYPES_H 1
| #define HAVE_SYS_STAT_H 1
| #define HAVE_STDLIB_H 1
| #define HAVE_STRING_H 1
| #define HAVE_MEMORY_H 1
| #define HAVE_STRINGS_H 1
| #define HAVE_INTTYPES_H 1
| #define HAVE_STDINT_H 1
| #define HAVE_UNISTD_H 1
| #define __EXTENSIONS__ 1
| #define _ALL_SOURCE 1
| #define _GNU_SOURCE 1
| #define _POSIX_PTHREAD_SEMANTICS 1
| #define _TANDEM_SOURCE 1
| #define HAVE_DLFCN_H 1
| #define LT_OBJDIR ".libs/"
| #define PACKAGE "or1ksim"
| #define VERSION "2011-08-15"
| #define OR32_TYPES 1
| #define OR32_BIG_ENDIAN 1
| #define RETSIGTYPE void
| #define HAVE_UNISTD_H 1
| #define HAVE_STDLIB_H 1
| #define HAVE_STDARG_H 1
| #define HAVE_STRING_H 1
| #define HAVE_STRINGS_H 1
| /* end confdefs.h.  */
| #include <stdio.h>
| #ifdef HAVE_SYS_TYPES_H
| # include <sys/types.h>
| #endif
| #ifdef HAVE_SYS_STAT_H
| # include <sys/stat.h>
| #endif
| #ifdef STDC_HEADERS
| # include <stdlib.h>
| # include <stddef.h>
| #else
| # ifdef HAVE_STDLIB_H
| #  include <stdlib.h>
| # endif
| #endif
| #ifdef HAVE_STRING_H
| # if !defined STDC_HEADERS && defined HAVE_MEMORY_H
| #  include <memory.h>
| # endif
| # include <string.h>
| #endif
| #ifdef HAVE_STRINGS_H
| # include <strings.h>
| #endif
| #ifdef HAVE_INTTYPES_H
| # include <inttypes.h>
| #endif
| #ifdef HAVE_STDINT_H
| # include <stdint.h>
| #endif
| #ifdef HAVE_UNISTD_H
| # include <unistd.h>
| #endif
| #include <sys/ptem.h>
configure:11882: result: no
configure:11882: checking sys/ptem.h presence
configure:11882: gcc -E  conftest.c
conftest.c:36:22: fatal error: sys/ptem.h: No such file or directory
compilation terminated.
configure:11882: $? = 1
configure: failed program was:
| /* confdefs.h */
| #define PACKAGE_NAME "or1ksim"
| #define PACKAGE_TARNAME "or1ksim"
| #define PACKAGE_VERSION "2011-08-15"
| #define PACKAGE_STRING "or1ksim 2011-08-15"
| #define PACKAGE_BUGREPORT "openrisc@opencores.org"
| #define PACKAGE_URL ""
| #define STDC_HEADERS 1
| #define HAVE_SYS_TYPES_H 1
| #define HAVE_SYS_STAT_H 1
| #define HAVE_STDLIB_H 1
| #define HAVE_STRING_H 1
| #define HAVE_MEMORY_H 1
| #define HAVE_STRINGS_H 1
| #define HAVE_INTTYPES_H 1
| #define HAVE_STDINT_H 1
| #define HAVE_UNISTD_H 1
| #define __EXTENSIONS__ 1
| #define _ALL_SOURCE 1
| #define _GNU_SOURCE 1
| #define _POSIX_PTHREAD_SEMANTICS 1
| #define _TANDEM_SOURCE 1
| #define HAVE_DLFCN_H 1
| #define LT_OBJDIR ".libs/"
| #define PACKAGE "or1ksim"
| #define VERSION "2011-08-15"
| #define OR32_TYPES 1
| #define OR32_BIG_ENDIAN 1
| #define RETSIGTYPE void
| #define HAVE_UNISTD_H 1
| #define HAVE_STDLIB_H 1
| #define HAVE_STDARG_H 1
| #define HAVE_STRING_H 1
| #define HAVE_STRINGS_H 1
| /* end confdefs.h.  */
| #include <sys/ptem.h>
configure:11882: result: no
configure:11882: checking for sys/ptem.h
configure:11882: result: no
configure:11882: checking sys/pte.h usability
configure:11882: gcc -c -g -Wall -O2 -DOR32 -g -O2  conftest.c >&5
conftest.c:69:21: fatal error: sys/pte.h: No such file or directory
compilation terminated.
configure:11882: $? = 1
configure: failed program was:
| /* confdefs.h */
| #define PACKAGE_NAME "or1ksim"
| #define PACKAGE_TARNAME "or1ksim"
| #define PACKAGE_VERSION "2011-08-15"
| #define PACKAGE_STRING "or1ksim 2011-08-15"
| #define PACKAGE_BUGREPORT "openrisc@opencores.org"
| #define PACKAGE_URL ""
| #define STDC_HEADERS 1
| #define HAVE_SYS_TYPES_H 1
| #define HAVE_SYS_STAT_H 1
| #define HAVE_STDLIB_H 1
| #define HAVE_STRING_H 1
| #define HAVE_MEMORY_H 1
| #define HAVE_STRINGS_H 1
| #define HAVE_INTTYPES_H 1
| #define HAVE_STDINT_H 1
| #define HAVE_UNISTD_H 1
| #define __EXTENSIONS__ 1
| #define _ALL_SOURCE 1
| #define _GNU_SOURCE 1
| #define _POSIX_PTHREAD_SEMANTICS 1
| #define _TANDEM_SOURCE 1
| #define HAVE_DLFCN_H 1
| #define LT_OBJDIR ".libs/"
| #define PACKAGE "or1ksim"
| #define VERSION "2011-08-15"
| #define OR32_TYPES 1
| #define OR32_BIG_ENDIAN 1
| #define RETSIGTYPE void
| #define HAVE_UNISTD_H 1
| #define HAVE_STDLIB_H 1
| #define HAVE_STDARG_H 1
| #define HAVE_STRING_H 1
| #define HAVE_STRINGS_H 1
| /* end confdefs.h.  */
| #include <stdio.h>
| #ifdef HAVE_SYS_TYPES_H
| # include <sys/types.h>
| #endif
| #ifdef HAVE_SYS_STAT_H
| # include <sys/stat.h>
| #endif
| #ifdef STDC_HEADERS
| # include <stdlib.h>
| # include <stddef.h>
| #else
| # ifdef HAVE_STDLIB_H
| #  include <stdlib.h>
| # endif
| #endif
| #ifdef HAVE_STRING_H
| # if !defined STDC_HEADERS && defined HAVE_MEMORY_H
| #  include <memory.h>
| # endif
| # include <string.h>
| #endif
| #ifdef HAVE_STRINGS_H
| # include <strings.h>
| #endif
| #ifdef HAVE_INTTYPES_H
| # include <inttypes.h>
| #endif
| #ifdef HAVE_STDINT_H
| # include <stdint.h>
| #endif
| #ifdef HAVE_UNISTD_H
| # include <unistd.h>
| #endif
| #include <sys/pte.h>
configure:11882: result: no
configure:11882: checking sys/pte.h presence
configure:11882: gcc -E  conftest.c
conftest.c:36:21: fatal error: sys/pte.h: No such file or directory
compilation terminated.
configure:11882: $? = 1
configure: failed program was:
| /* confdefs.h */
| #define PACKAGE_NAME "or1ksim"
| #define PACKAGE_TARNAME "or1ksim"
| #define PACKAGE_VERSION "2011-08-15"
| #define PACKAGE_STRING "or1ksim 2011-08-15"
| #define PACKAGE_BUGREPORT "openrisc@opencores.org"
| #define PACKAGE_URL ""
| #define STDC_HEADERS 1
| #define HAVE_SYS_TYPES_H 1
| #define HAVE_SYS_STAT_H 1
| #define HAVE_STDLIB_H 1
| #define HAVE_STRING_H 1
| #define HAVE_MEMORY_H 1
| #define HAVE_STRINGS_H 1
| #define HAVE_INTTYPES_H 1
| #define HAVE_STDINT_H 1
| #define HAVE_UNISTD_H 1
| #define __EXTENSIONS__ 1
| #define _ALL_SOURCE 1
| #define _GNU_SOURCE 1
| #define _POSIX_PTHREAD_SEMANTICS 1
| #define _TANDEM_SOURCE 1
| #define HAVE_DLFCN_H 1
| #define LT_OBJDIR ".libs/"
| #define PACKAGE "or1ksim"
| #define VERSION "2011-08-15"
| #define OR32_TYPES 1
| #define OR32_BIG_ENDIAN 1
| #define RETSIGTYPE void
| #define HAVE_UNISTD_H 1
| #define HAVE_STDLIB_H 1
| #define HAVE_STDARG_H 1
| #define HAVE_STRING_H 1
| #define HAVE_STRINGS_H 1
| /* end confdefs.h.  */
| #include <sys/pte.h>
configure:11882: result: no
configure:11882: checking for sys/pte.h
configure:11882: result: no
configure:11882: checking sys/stream.h usability
configure:11882: gcc -c -g -Wall -O2 -DOR32 -g -O2  conftest.c >&5
conftest.c:69:24: fatal error: sys/stream.h: No such file or directory
compilation terminated.
configure:11882: $? = 1
configure: failed program was:
| /* confdefs.h */
| #define PACKAGE_NAME "or1ksim"
| #define PACKAGE_TARNAME "or1ksim"
| #define PACKAGE_VERSION "2011-08-15"
| #define PACKAGE_STRING "or1ksim 2011-08-15"
| #define PACKAGE_BUGREPORT "openrisc@opencores.org"
| #define PACKAGE_URL ""
| #define STDC_HEADERS 1
| #define HAVE_SYS_TYPES_H 1
| #define HAVE_SYS_STAT_H 1
| #define HAVE_STDLIB_H 1
| #define HAVE_STRING_H 1
| #define HAVE_MEMORY_H 1
| #define HAVE_STRINGS_H 1
| #define HAVE_INTTYPES_H 1
| #define HAVE_STDINT_H 1
| #define HAVE_UNISTD_H 1
| #define __EXTENSIONS__ 1
| #define _ALL_SOURCE 1
| #define _GNU_SOURCE 1
| #define _POSIX_PTHREAD_SEMANTICS 1
| #define _TANDEM_SOURCE 1
| #define HAVE_DLFCN_H 1
| #define LT_OBJDIR ".libs/"
| #define PACKAGE "or1ksim"
| #define VERSION "2011-08-15"
| #define OR32_TYPES 1
| #define OR32_BIG_ENDIAN 1
| #define RETSIGTYPE void
| #define HAVE_UNISTD_H 1
| #define HAVE_STDLIB_H 1
| #define HAVE_STDARG_H 1
| #define HAVE_STRING_H 1
| #define HAVE_STRINGS_H 1
| /* end confdefs.h.  */
| #include <stdio.h>
| #ifdef HAVE_SYS_TYPES_H
| # include <sys/types.h>
| #endif
| #ifdef HAVE_SYS_STAT_H
| # include <sys/stat.h>
| #endif
| #ifdef STDC_HEADERS
| # include <stdlib.h>
| # include <stddef.h>
| #else
| # ifdef HAVE_STDLIB_H
| #  include <stdlib.h>
| # endif
| #endif
| #ifdef HAVE_STRING_H
| # if !defined STDC_HEADERS && defined HAVE_MEMORY_H
| #  include <memory.h>
| # endif
| # include <string.h>
| #endif
| #ifdef HAVE_STRINGS_H
| # include <strings.h>
| #endif
| #ifdef HAVE_INTTYPES_H
| # include <inttypes.h>
| #endif
| #ifdef HAVE_STDINT_H
| # include <stdint.h>
| #endif
| #ifdef HAVE_UNISTD_H
| # include <unistd.h>
| #endif
| #include <sys/stream.h>
configure:11882: result: no
configure:11882: checking sys/stream.h presence
configure:11882: gcc -E  conftest.c
conftest.c:36:24: fatal error: sys/stream.h: No such file or directory
compilation terminated.
configure:11882: $? = 1
configure: failed program was:
| /* confdefs.h */
| #define PACKAGE_NAME "or1ksim"
| #define PACKAGE_TARNAME "or1ksim"
| #define PACKAGE_VERSION "2011-08-15"
| #define PACKAGE_STRING "or1ksim 2011-08-15"
| #define PACKAGE_BUGREPORT "openrisc@opencores.org"
| #define PACKAGE_URL ""
| #define STDC_HEADERS 1
| #define HAVE_SYS_TYPES_H 1
| #define HAVE_SYS_STAT_H 1
| #define HAVE_STDLIB_H 1
| #define HAVE_STRING_H 1
| #define HAVE_MEMORY_H 1
| #define HAVE_STRINGS_H 1
| #define HAVE_INTTYPES_H 1
| #define HAVE_STDINT_H 1
| #define HAVE_UNISTD_H 1
| #define __EXTENSIONS__ 1
| #define _ALL_SOURCE 1
| #define _GNU_SOURCE 1
| #define _POSIX_PTHREAD_SEMANTICS 1
| #define _TANDEM_SOURCE 1
| #define HAVE_DLFCN_H 1
| #define LT_OBJDIR ".libs/"
| #define PACKAGE "or1ksim"
| #define VERSION "2011-08-15"
| #define OR32_TYPES 1
| #define OR32_BIG_ENDIAN 1
| #define RETSIGTYPE void
| #define HAVE_UNISTD_H 1
| #define HAVE_STDLIB_H 1
| #define HAVE_STDARG_H 1
| #define HAVE_STRING_H 1
| #define HAVE_STRINGS_H 1
| /* end confdefs.h.  */
| #include <sys/stream.h>
configure:11882: result: no
configure:11882: checking for sys/stream.h
configure:11882: result: no
configure:11882: checking sys/stropts.h usability
configure:11882: gcc -c -g -Wall -O2 -DOR32 -g -O2  conftest.c >&5
configure:11882: $? = 0
configure:11882: result: yes
configure:11882: checking sys/stropts.h presence
configure:11882: gcc -E  conftest.c
configure:11882: $? = 0
configure:11882: result: yes
configure:11882: checking for sys/stropts.h
configure:11882: result: yes
configure:11882: checking sys/select.h usability
configure:11882: gcc -c -g -Wall -O2 -DOR32 -g -O2  conftest.c >&5
configure:11882: $? = 0
configure:11882: result: yes
configure:11882: checking sys/select.h presence
configure:11882: gcc -E  conftest.c
configure:11882: $? = 0
configure:11882: result: yes
configure:11882: checking for sys/select.h
configure:11882: result: yes
configure:11882: checking termcap.h usability
configure:11882: gcc -c -g -Wall -O2 -DOR32 -g -O2  conftest.c >&5
configure:11882: $? = 0
configure:11882: result: yes
configure:11882: checking termcap.h presence
configure:11882: gcc -E  conftest.c
configure:11882: $? = 0
configure:11882: result: yes
configure:11882: checking for termcap.h
configure:11882: result: yes
configure:11882: checking termios.h usability
configure:11882: gcc -c -g -Wall -O2 -DOR32 -g -O2  conftest.c >&5
configure:11882: $? = 0
configure:11882: result: yes
configure:11882: checking termios.h presence
configure:11882: gcc -E  conftest.c
configure:11882: $? = 0
configure:11882: result: yes
configure:11882: checking for termios.h
configure:11882: result: yes
configure:11882: checking termio.h usability
configure:11882: gcc -c -g -Wall -O2 -DOR32 -g -O2  conftest.c >&5
configure:11882: $? = 0
configure:11882: result: yes
configure:11882: checking termio.h presence
configure:11882: gcc -E  conftest.c
configure:11882: $? = 0
configure:11882: result: yes
configure:11882: checking for termio.h
configure:11882: result: yes
configure:11882: checking sys/file.h usability
configure:11882: gcc -c -g -Wall -O2 -DOR32 -g -O2  conftest.c >&5
configure:11882: $? = 0
configure:11882: result: yes
configure:11882: checking sys/file.h presence
configure:11882: gcc -E  conftest.c
configure:11882: $? = 0
configure:11882: result: yes
configure:11882: checking for sys/file.h
configure:11882: result: yes
configure:11882: checking locale.h usability
configure:11882: gcc -c -g -Wall -O2 -DOR32 -g -O2  conftest.c >&5
configure:11882: $? = 0
configure:11882: result: yes
configure:11882: checking locale.h presence
configure:11882: gcc -E  conftest.c
configure:11882: $? = 0
configure:11882: result: yes
configure:11882: checking for locale.h
configure:11882: result: yes
configure:11882: checking getopt.h usability
configure:11882: gcc -c -g -Wall -O2 -DOR32 -g -O2  conftest.c >&5
configure:11882: $? = 0
configure:11882: result: yes
configure:11882: checking getopt.h presence
configure:11882: gcc -E  conftest.c
configure:11882: $? = 0
configure:11882: result: yes
configure:11882: checking for getopt.h
configure:11882: result: yes
configure:11882: checking net/ethernet.h usability
configure:11882: gcc -c -g -Wall -O2 -DOR32 -g -O2  conftest.c >&5
configure:11882: $? = 0
configure:11882: result: yes
configure:11882: checking net/ethernet.h presence
configure:11882: gcc -E  conftest.c
configure:11882: $? = 0
configure:11882: result: yes
configure:11882: checking for net/ethernet.h
configure:11882: result: yes
configure:11882: checking sys/ethernet.h usability
configure:11882: gcc -c -g -Wall -O2 -DOR32 -g -O2  conftest.c >&5
conftest.c:78:26: fatal error: sys/ethernet.h: No such file or directory
compilation terminated.
configure:11882: $? = 1
configure: failed program was:
| /* confdefs.h */
| #define PACKAGE_NAME "or1ksim"
| #define PACKAGE_TARNAME "or1ksim"
| #define PACKAGE_VERSION "2011-08-15"
| #define PACKAGE_STRING "or1ksim 2011-08-15"
| #define PACKAGE_BUGREPORT "openrisc@opencores.org"
| #define PACKAGE_URL ""
| #define STDC_HEADERS 1
| #define HAVE_SYS_TYPES_H 1
| #define HAVE_SYS_STAT_H 1
| #define HAVE_STDLIB_H 1
| #define HAVE_STRING_H 1
| #define HAVE_MEMORY_H 1
| #define HAVE_STRINGS_H 1
| #define HAVE_INTTYPES_H 1
| #define HAVE_STDINT_H 1
| #define HAVE_UNISTD_H 1
| #define __EXTENSIONS__ 1
| #define _ALL_SOURCE 1
| #define _GNU_SOURCE 1
| #define _POSIX_PTHREAD_SEMANTICS 1
| #define _TANDEM_SOURCE 1
| #define HAVE_DLFCN_H 1
| #define LT_OBJDIR ".libs/"
| #define PACKAGE "or1ksim"
| #define VERSION "2011-08-15"
| #define OR32_TYPES 1
| #define OR32_BIG_ENDIAN 1
| #define RETSIGTYPE void
| #define HAVE_UNISTD_H 1
| #define HAVE_STDLIB_H 1
| #define HAVE_STDARG_H 1
| #define HAVE_STRING_H 1
| #define HAVE_STRINGS_H 1
| #define HAVE_SYS_STROPTS_H 1
| #define HAVE_SYS_SELECT_H 1
| #define HAVE_TERMCAP_H 1
| #define HAVE_TERMIOS_H 1
| #define HAVE_TERMIO_H 1
| #define HAVE_SYS_FILE_H 1
| #define HAVE_LOCALE_H 1
| #define HAVE_GETOPT_H 1
| #define HAVE_NET_ETHERNET_H 1
| /* end confdefs.h.  */
| #include <stdio.h>
| #ifdef HAVE_SYS_TYPES_H
| # include <sys/types.h>
| #endif
| #ifdef HAVE_SYS_STAT_H
| # include <sys/stat.h>
| #endif
| #ifdef STDC_HEADERS
| # include <stdlib.h>
| # include <stddef.h>
| #else
| # ifdef HAVE_STDLIB_H
| #  include <stdlib.h>
| # endif
| #endif
| #ifdef HAVE_STRING_H
| # if !defined STDC_HEADERS && defined HAVE_MEMORY_H
| #  include <memory.h>
| # endif
| # include <string.h>
| #endif
| #ifdef HAVE_STRINGS_H
| # include <strings.h>
| #endif
| #ifdef HAVE_INTTYPES_H
| # include <inttypes.h>
| #endif
| #ifdef HAVE_STDINT_H
| # include <stdint.h>
| #endif
| #ifdef HAVE_UNISTD_H
| # include <unistd.h>
| #endif
| #include <sys/ethernet.h>
configure:11882: result: no
configure:11882: checking sys/ethernet.h presence
configure:11882: gcc -E  conftest.c
conftest.c:45:26: fatal error: sys/ethernet.h: No such file or directory
compilation terminated.
configure:11882: $? = 1
configure: failed program was:
| /* confdefs.h */
| #define PACKAGE_NAME "or1ksim"
| #define PACKAGE_TARNAME "or1ksim"
| #define PACKAGE_VERSION "2011-08-15"
| #define PACKAGE_STRING "or1ksim 2011-08-15"
| #define PACKAGE_BUGREPORT "openrisc@opencores.org"
| #define PACKAGE_URL ""
| #define STDC_HEADERS 1
| #define HAVE_SYS_TYPES_H 1
| #define HAVE_SYS_STAT_H 1
| #define HAVE_STDLIB_H 1
| #define HAVE_STRING_H 1
| #define HAVE_MEMORY_H 1
| #define HAVE_STRINGS_H 1
| #define HAVE_INTTYPES_H 1
| #define HAVE_STDINT_H 1
| #define HAVE_UNISTD_H 1
| #define __EXTENSIONS__ 1
| #define _ALL_SOURCE 1
| #define _GNU_SOURCE 1
| #define _POSIX_PTHREAD_SEMANTICS 1
| #define _TANDEM_SOURCE 1
| #define HAVE_DLFCN_H 1
| #define LT_OBJDIR ".libs/"
| #define PACKAGE "or1ksim"
| #define VERSION "2011-08-15"
| #define OR32_TYPES 1
| #define OR32_BIG_ENDIAN 1
| #define RETSIGTYPE void
| #define HAVE_UNISTD_H 1
| #define HAVE_STDLIB_H 1
| #define HAVE_STDARG_H 1
| #define HAVE_STRING_H 1
| #define HAVE_STRINGS_H 1
| #define HAVE_SYS_STROPTS_H 1
| #define HAVE_SYS_SELECT_H 1
| #define HAVE_TERMCAP_H 1
| #define HAVE_TERMIOS_H 1
| #define HAVE_TERMIO_H 1
| #define HAVE_SYS_FILE_H 1
| #define HAVE_LOCALE_H 1
| #define HAVE_GETOPT_H 1
| #define HAVE_NET_ETHERNET_H 1
| /* end confdefs.h.  */
| #include <sys/ethernet.h>
configure:11882: result: no
configure:11882: checking for sys/ethernet.h
configure:11882: result: no
configure:11882: checking malloc.h usability
configure:11882: gcc -c -g -Wall -O2 -DOR32 -g -O2  conftest.c >&5
configure:11882: $? = 0
configure:11882: result: yes
configure:11882: checking malloc.h presence
configure:11882: gcc -E  conftest.c
configure:11882: $? = 0
configure:11882: result: yes
configure:11882: checking for malloc.h
configure:11882: result: yes
configure:11882: checking for inttypes.h
configure:11882: result: yes
configure:11882: checking libintl.h usability
configure:11882: gcc -c -g -Wall -O2 -DOR32 -g -O2  conftest.c >&5
configure:11882: $? = 0
configure:11882: result: yes
configure:11882: checking libintl.h presence
configure:11882: gcc -E  conftest.c
configure:11882: $? = 0
configure:11882: result: yes
configure:11882: checking for libintl.h
configure:11882: result: yes
configure:11882: checking limits.h usability
configure:11882: gcc -c -g -Wall -O2 -DOR32 -g -O2  conftest.c >&5
configure:11882: $? = 0
configure:11882: result: yes
configure:11882: checking limits.h presence
configure:11882: gcc -E  conftest.c
configure:11882: $? = 0
configure:11882: result: yes
configure:11882: checking for limits.h
configure:11882: result: yes
configure:11882: checking linux/if_tun.h usability
configure:11882: gcc -c -g -Wall -O2 -DOR32 -g -O2  conftest.c >&5
configure:11882: $? = 0
configure:11882: result: yes
configure:11882: checking linux/if_tun.h presence
configure:11882: gcc -E  conftest.c
configure:11882: $? = 0
configure:11882: result: yes
configure:11882: checking for linux/if_tun.h
configure:11882: result: yes
configure:11895: checking for strcasecmp
configure:11895: gcc -o conftest -g -Wall -O2 -DOR32 -g -O2   conftest.c  >&5
conftest.c:73:6: warning: conflicting types for built-in function 'strcasecmp' [enabled by default]
configure:11895: $? = 0
configure:11895: result: yes
configure:11895: checking for select
configure:11895: gcc -o conftest -g -Wall -O2 -DOR32 -g -O2   conftest.c  >&5
configure:11895: $? = 0
configure:11895: result: yes
configure:11895: checking for setenv
configure:11895: gcc -o conftest -g -Wall -O2 -DOR32 -g -O2   conftest.c  >&5
configure:11895: $? = 0
configure:11895: result: yes
configure:11895: checking for putenv
configure:11895: gcc -o conftest -g -Wall -O2 -DOR32 -g -O2   conftest.c  >&5
configure:11895: $? = 0
configure:11895: result: yes
configure:11895: checking for tcgetattr
configure:11895: gcc -o conftest -g -Wall -O2 -DOR32 -g -O2   conftest.c  >&5
configure:11895: $? = 0
configure:11895: result: yes
configure:11895: checking for setlocale
configure:11895: gcc -o conftest -g -Wall -O2 -DOR32 -g -O2   conftest.c  >&5
configure:11895: $? = 0
configure:11895: result: yes
configure:11895: checking for lstat
configure:11895: gcc -o conftest -g -Wall -O2 -DOR32 -g -O2   conftest.c  >&5
configure:11895: $? = 0
configure:11895: result: yes
configure:11907: checking for grantpt
configure:11907: gcc -o conftest -g -Wall -O2 -DOR32 -g -O2   conftest.c  >&5
configure:11907: $? = 0
configure:11907: result: yes
configure:11907: checking for unlockpt
configure:11907: gcc -o conftest -g -Wall -O2 -DOR32 -g -O2   conftest.c  >&5
configure:11907: $? = 0
configure:11907: result: yes
configure:11907: checking for ptsname
configure:11907: gcc -o conftest -g -Wall -O2 -DOR32 -g -O2   conftest.c  >&5
configure:11907: $? = 0
configure:11907: result: yes
configure:11907: checking for on_exit
configure:11907: gcc -o conftest -g -Wall -O2 -DOR32 -g -O2   conftest.c  >&5
configure:11907: $? = 0
configure:11907: result: yes
configure:11918: checking for basename
configure:11918: gcc -o conftest -g -Wall -O2 -DOR32 -g -O2   conftest.c  >&5
configure:11918: $? = 0
configure:11918: result: yes
configure:11927: checking for working strcoll
configure:11948: gcc -o conftest -g -Wall -O2 -DOR32 -g -O2   conftest.c  >&5
configure:11948: $? = 0
configure:11948: ./conftest
configure:11948: $? = 0
configure:11958: result: yes
configure:11966: checking whether I_PUSH is declared
configure:11966: gcc -c -g -Wall -O2 -DOR32 -g -O2  conftest.c >&5
conftest.c:63:39: fatal error: readline/readline.h: No such file or directory
compilation terminated.
configure:11966: $? = 1
configure: failed program was:
| /* confdefs.h */
| #define PACKAGE_NAME "or1ksim"
| #define PACKAGE_TARNAME "or1ksim"
| #define PACKAGE_VERSION "2011-08-15"
| #define PACKAGE_STRING "or1ksim 2011-08-15"
| #define PACKAGE_BUGREPORT "openrisc@opencores.org"
| #define PACKAGE_URL ""
| #define STDC_HEADERS 1
| #define HAVE_SYS_TYPES_H 1
| #define HAVE_SYS_STAT_H 1
| #define HAVE_STDLIB_H 1
| #define HAVE_STRING_H 1
| #define HAVE_MEMORY_H 1
| #define HAVE_STRINGS_H 1
| #define HAVE_INTTYPES_H 1
| #define HAVE_STDINT_H 1
| #define HAVE_UNISTD_H 1
| #define __EXTENSIONS__ 1
| #define _ALL_SOURCE 1
| #define _GNU_SOURCE 1
| #define _POSIX_PTHREAD_SEMANTICS 1
| #define _TANDEM_SOURCE 1
| #define HAVE_DLFCN_H 1
| #define LT_OBJDIR ".libs/"
| #define PACKAGE "or1ksim"
| #define VERSION "2011-08-15"
| #define OR32_TYPES 1
| #define OR32_BIG_ENDIAN 1
| #define RETSIGTYPE void
| #define HAVE_UNISTD_H 1
| #define HAVE_STDLIB_H 1
| #define HAVE_STDARG_H 1
| #define HAVE_STRING_H 1
| #define HAVE_STRINGS_H 1
| #define HAVE_SYS_STROPTS_H 1
| #define HAVE_SYS_SELECT_H 1
| #define HAVE_TERMCAP_H 1
| #define HAVE_TERMIOS_H 1
| #define HAVE_TERMIO_H 1
| #define HAVE_SYS_FILE_H 1
| #define HAVE_LOCALE_H 1
| #define HAVE_GETOPT_H 1
| #define HAVE_NET_ETHERNET_H 1
| #define HAVE_MALLOC_H 1
| #define HAVE_INTTYPES_H 1
| #define HAVE_LIBINTL_H 1
| #define HAVE_LIMITS_H 1
| #define HAVE_LINUX_IF_TUN_H 1
| #define HAVE_STRCASECMP 1
| #define HAVE_SELECT 1
| #define HAVE_SETENV 1
| #define HAVE_PUTENV 1
| #define HAVE_TCGETATTR 1
| #define HAVE_SETLOCALE 1
| #define HAVE_LSTAT 1
| #define HAVE_GRANTPT 1
| #define HAVE_UNLOCKPT 1
| #define HAVE_PTSNAME 1
| #define HAVE_ON_EXIT 1
| #define HAVE_BASENAME 1
| #define HAVE_STRCOLL 1
| /* end confdefs.h.  */
| 	       #include <readline/readline.h>
| 
| int
| main ()
| {
| #ifndef I_PUSH
| #ifdef __cplusplus
|   (void) I_PUSH;
| #else
|   (void) I_PUSH;
| #endif
| #endif
| 
|   ;
|   return 0;
| }
configure:11966: result: no
configure:11978: checking whether rl_event_hook is declared
configure:11978: gcc -c -g -Wall -O2 -DOR32 -g -O2  conftest.c >&5
conftest.c:64:39: fatal error: readline/readline.h: No such file or directory
compilation terminated.
configure:11978: $? = 1
configure: failed program was:
| /* confdefs.h */
| #define PACKAGE_NAME "or1ksim"
| #define PACKAGE_TARNAME "or1ksim"
| #define PACKAGE_VERSION "2011-08-15"
| #define PACKAGE_STRING "or1ksim 2011-08-15"
| #define PACKAGE_BUGREPORT "openrisc@opencores.org"
| #define PACKAGE_URL ""
| #define STDC_HEADERS 1
| #define HAVE_SYS_TYPES_H 1
| #define HAVE_SYS_STAT_H 1
| #define HAVE_STDLIB_H 1
| #define HAVE_STRING_H 1
| #define HAVE_MEMORY_H 1
| #define HAVE_STRINGS_H 1
| #define HAVE_INTTYPES_H 1
| #define HAVE_STDINT_H 1
| #define HAVE_UNISTD_H 1
| #define __EXTENSIONS__ 1
| #define _ALL_SOURCE 1
| #define _GNU_SOURCE 1
| #define _POSIX_PTHREAD_SEMANTICS 1
| #define _TANDEM_SOURCE 1
| #define HAVE_DLFCN_H 1
| #define LT_OBJDIR ".libs/"
| #define PACKAGE "or1ksim"
| #define VERSION "2011-08-15"
| #define OR32_TYPES 1
| #define OR32_BIG_ENDIAN 1
| #define RETSIGTYPE void
| #define HAVE_UNISTD_H 1
| #define HAVE_STDLIB_H 1
| #define HAVE_STDARG_H 1
| #define HAVE_STRING_H 1
| #define HAVE_STRINGS_H 1
| #define HAVE_SYS_STROPTS_H 1
| #define HAVE_SYS_SELECT_H 1
| #define HAVE_TERMCAP_H 1
| #define HAVE_TERMIOS_H 1
| #define HAVE_TERMIO_H 1
| #define HAVE_SYS_FILE_H 1
| #define HAVE_LOCALE_H 1
| #define HAVE_GETOPT_H 1
| #define HAVE_NET_ETHERNET_H 1
| #define HAVE_MALLOC_H 1
| #define HAVE_INTTYPES_H 1
| #define HAVE_LIBINTL_H 1
| #define HAVE_LIMITS_H 1
| #define HAVE_LINUX_IF_TUN_H 1
| #define HAVE_STRCASECMP 1
| #define HAVE_SELECT 1
| #define HAVE_SETENV 1
| #define HAVE_PUTENV 1
| #define HAVE_TCGETATTR 1
| #define HAVE_SETLOCALE 1
| #define HAVE_LSTAT 1
| #define HAVE_GRANTPT 1
| #define HAVE_UNLOCKPT 1
| #define HAVE_PTSNAME 1
| #define HAVE_ON_EXIT 1
| #define HAVE_BASENAME 1
| #define HAVE_STRCOLL 1
| #define HAVE_DECL_I_PUSH 0
| /* end confdefs.h.  */
| 	       #include <readline/readline.h>
| 
| int
| main ()
| {
| #ifndef rl_event_hook
| #ifdef __cplusplus
|   (void) rl_event_hook;
| #else
|   (void) rl_event_hook;
| #endif
| #endif
| 
|   ;
|   return 0;
| }
configure:11978: result: no
configure:11991: checking whether byte ordering is bigendian
configure:12006: gcc -c -g -Wall -O2 -DOR32 -g -O2  conftest.c >&5
conftest.c:66:9: error: unknown type name 'not'
conftest.c:66:15: error: expected '=', ',', ';', 'asm' or '__attribute__' before 'universal'
conftest.c:66:15: error: unknown type name 'universal'
configure:12006: $? = 1
configure: failed program was:
| /* confdefs.h */
| #define PACKAGE_NAME "or1ksim"
| #define PACKAGE_TARNAME "or1ksim"
| #define PACKAGE_VERSION "2011-08-15"
| #define PACKAGE_STRING "or1ksim 2011-08-15"
| #define PACKAGE_BUGREPORT "openrisc@opencores.org"
| #define PACKAGE_URL ""
| #define STDC_HEADERS 1
| #define HAVE_SYS_TYPES_H 1
| #define HAVE_SYS_STAT_H 1
| #define HAVE_STDLIB_H 1
| #define HAVE_STRING_H 1
| #define HAVE_MEMORY_H 1
| #define HAVE_STRINGS_H 1
| #define HAVE_INTTYPES_H 1
| #define HAVE_STDINT_H 1
| #define HAVE_UNISTD_H 1
| #define __EXTENSIONS__ 1
| #define _ALL_SOURCE 1
| #define _GNU_SOURCE 1
| #define _POSIX_PTHREAD_SEMANTICS 1
| #define _TANDEM_SOURCE 1
| #define HAVE_DLFCN_H 1
| #define LT_OBJDIR ".libs/"
| #define PACKAGE "or1ksim"
| #define VERSION "2011-08-15"
| #define OR32_TYPES 1
| #define OR32_BIG_ENDIAN 1
| #define RETSIGTYPE void
| #define HAVE_UNISTD_H 1
| #define HAVE_STDLIB_H 1
| #define HAVE_STDARG_H 1
| #define HAVE_STRING_H 1
| #define HAVE_STRINGS_H 1
| #define HAVE_SYS_STROPTS_H 1
| #define HAVE_SYS_SELECT_H 1
| #define HAVE_TERMCAP_H 1
| #define HAVE_TERMIOS_H 1
| #define HAVE_TERMIO_H 1
| #define HAVE_SYS_FILE_H 1
| #define HAVE_LOCALE_H 1
| #define HAVE_GETOPT_H 1
| #define HAVE_NET_ETHERNET_H 1
| #define HAVE_MALLOC_H 1
| #define HAVE_INTTYPES_H 1
| #define HAVE_LIBINTL_H 1
| #define HAVE_LIMITS_H 1
| #define HAVE_LINUX_IF_TUN_H 1
| #define HAVE_STRCASECMP 1
| #define HAVE_SELECT 1
| #define HAVE_SETENV 1
| #define HAVE_PUTENV 1
| #define HAVE_TCGETATTR 1
| #define HAVE_SETLOCALE 1
| #define HAVE_LSTAT 1
| #define HAVE_GRANTPT 1
| #define HAVE_UNLOCKPT 1
| #define HAVE_PTSNAME 1
| #define HAVE_ON_EXIT 1
| #define HAVE_BASENAME 1
| #define HAVE_STRCOLL 1
| #define HAVE_DECL_I_PUSH 0
| #define HAVE_DECL_RL_EVENT_HOOK 0
| /* end confdefs.h.  */
| #ifndef __APPLE_CC__
| 	       not a universal capable compiler
| 	     #endif
| 	     typedef int dummy;
| 
configure:12051: gcc -c -g -Wall -O2 -DOR32 -g -O2  conftest.c >&5
configure:12051: $? = 0
configure:12069: gcc -c -g -Wall -O2 -DOR32 -g -O2  conftest.c >&5
conftest.c: In function 'main':
conftest.c:72:4: error: unknown type name 'not'
conftest.c:72:12: error: expected '=', ',', ';', 'asm' or '__attribute__' before 'endian'
configure:12069: $? = 1
configure: failed program was:
| /* confdefs.h */
| #define PACKAGE_NAME "or1ksim"
| #define PACKAGE_TARNAME "or1ksim"
| #define PACKAGE_VERSION "2011-08-15"
| #define PACKAGE_STRING "or1ksim 2011-08-15"
| #define PACKAGE_BUGREPORT "openrisc@opencores.org"
| #define PACKAGE_URL ""
| #define STDC_HEADERS 1
| #define HAVE_SYS_TYPES_H 1
| #define HAVE_SYS_STAT_H 1
| #define HAVE_STDLIB_H 1
| #define HAVE_STRING_H 1
| #define HAVE_MEMORY_H 1
| #define HAVE_STRINGS_H 1
| #define HAVE_INTTYPES_H 1
| #define HAVE_STDINT_H 1
| #define HAVE_UNISTD_H 1
| #define __EXTENSIONS__ 1
| #define _ALL_SOURCE 1
| #define _GNU_SOURCE 1
| #define _POSIX_PTHREAD_SEMANTICS 1
| #define _TANDEM_SOURCE 1
| #define HAVE_DLFCN_H 1
| #define LT_OBJDIR ".libs/"
| #define PACKAGE "or1ksim"
| #define VERSION "2011-08-15"
| #define OR32_TYPES 1
| #define OR32_BIG_ENDIAN 1
| #define RETSIGTYPE void
| #define HAVE_UNISTD_H 1
| #define HAVE_STDLIB_H 1
| #define HAVE_STDARG_H 1
| #define HAVE_STRING_H 1
| #define HAVE_STRINGS_H 1
| #define HAVE_SYS_STROPTS_H 1
| #define HAVE_SYS_SELECT_H 1
| #define HAVE_TERMCAP_H 1
| #define HAVE_TERMIOS_H 1
| #define HAVE_TERMIO_H 1
| #define HAVE_SYS_FILE_H 1
| #define HAVE_LOCALE_H 1
| #define HAVE_GETOPT_H 1
| #define HAVE_NET_ETHERNET_H 1
| #define HAVE_MALLOC_H 1
| #define HAVE_INTTYPES_H 1
| #define HAVE_LIBINTL_H 1
| #define HAVE_LIMITS_H 1
| #define HAVE_LINUX_IF_TUN_H 1
| #define HAVE_STRCASECMP 1
| #define HAVE_SELECT 1
| #define HAVE_SETENV 1
| #define HAVE_PUTENV 1
| #define HAVE_TCGETATTR 1
| #define HAVE_SETLOCALE 1
| #define HAVE_LSTAT 1
| #define HAVE_GRANTPT 1
| #define HAVE_UNLOCKPT 1
| #define HAVE_PTSNAME 1
| #define HAVE_ON_EXIT 1
| #define HAVE_BASENAME 1
| #define HAVE_STRCOLL 1
| #define HAVE_DECL_I_PUSH 0
| #define HAVE_DECL_RL_EVENT_HOOK 0
| /* end confdefs.h.  */
| #include <sys/types.h>
| 		#include <sys/param.h>
| 
| int
| main ()
| {
| #if BYTE_ORDER != BIG_ENDIAN
| 		 not big endian
| 		#endif
| 
|   ;
|   return 0;
| }
configure:12197: result: no
configure:12219: checking for strndup
configure:12239: gcc -o conftest -g -Wall -O2 -DOR32 -g -O2   conftest.c  >&5
configure:12239: $? = 0
configure:12244: result: yes
configure:12253: checking for strcasecmp
configure:12274: gcc -o conftest -g -Wall -O2 -DOR32 -g -O2   conftest.c  >&5
configure:12274: $? = 0
configure:12279: result: yes
configure:12288: checking for isblank
configure:12306: gcc -o conftest -g -Wall -O2 -DOR32 -g -O2   conftest.c  >&5
configure:12306: $? = 0
configure:12311: result: yes
configure:12321: checking for size_t
configure:12321: gcc -c -g -Wall -O2 -DOR32 -g -O2  conftest.c >&5
configure:12321: $? = 0
configure:12321: gcc -c -g -Wall -O2 -DOR32 -g -O2  conftest.c >&5
conftest.c: In function 'main':
conftest.c:104:21: error: expected expression before ')' token
configure:12321: $? = 1
configure: failed program was:
| /* confdefs.h */
| #define PACKAGE_NAME "or1ksim"
| #define PACKAGE_TARNAME "or1ksim"
| #define PACKAGE_VERSION "2011-08-15"
| #define PACKAGE_STRING "or1ksim 2011-08-15"
| #define PACKAGE_BUGREPORT "openrisc@opencores.org"
| #define PACKAGE_URL ""
| #define STDC_HEADERS 1
| #define HAVE_SYS_TYPES_H 1
| #define HAVE_SYS_STAT_H 1
| #define HAVE_STDLIB_H 1
| #define HAVE_STRING_H 1
| #define HAVE_MEMORY_H 1
| #define HAVE_STRINGS_H 1
| #define HAVE_INTTYPES_H 1
| #define HAVE_STDINT_H 1
| #define HAVE_UNISTD_H 1
| #define __EXTENSIONS__ 1
| #define _ALL_SOURCE 1
| #define _GNU_SOURCE 1
| #define _POSIX_PTHREAD_SEMANTICS 1
| #define _TANDEM_SOURCE 1
| #define HAVE_DLFCN_H 1
| #define LT_OBJDIR ".libs/"
| #define PACKAGE "or1ksim"
| #define VERSION "2011-08-15"
| #define OR32_TYPES 1
| #define OR32_BIG_ENDIAN 1
| #define RETSIGTYPE void
| #define HAVE_UNISTD_H 1
| #define HAVE_STDLIB_H 1
| #define HAVE_STDARG_H 1
| #define HAVE_STRING_H 1
| #define HAVE_STRINGS_H 1
| #define HAVE_SYS_STROPTS_H 1
| #define HAVE_SYS_SELECT_H 1
| #define HAVE_TERMCAP_H 1
| #define HAVE_TERMIOS_H 1
| #define HAVE_TERMIO_H 1
| #define HAVE_SYS_FILE_H 1
| #define HAVE_LOCALE_H 1
| #define HAVE_GETOPT_H 1
| #define HAVE_NET_ETHERNET_H 1
| #define HAVE_MALLOC_H 1
| #define HAVE_INTTYPES_H 1
| #define HAVE_LIBINTL_H 1
| #define HAVE_LIMITS_H 1
| #define HAVE_LINUX_IF_TUN_H 1
| #define HAVE_STRCASECMP 1
| #define HAVE_SELECT 1
| #define HAVE_SETENV 1
| #define HAVE_PUTENV 1
| #define HAVE_TCGETATTR 1
| #define HAVE_SETLOCALE 1
| #define HAVE_LSTAT 1
| #define HAVE_GRANTPT 1
| #define HAVE_UNLOCKPT 1
| #define HAVE_PTSNAME 1
| #define HAVE_ON_EXIT 1
| #define HAVE_BASENAME 1
| #define HAVE_STRCOLL 1
| #define HAVE_DECL_I_PUSH 0
| #define HAVE_DECL_RL_EVENT_HOOK 0
| #define HAVE_STRNDUP 1
| #define HAVE_STRCASECMP 1
| #define HAVE_ISBLANK 1
| /* end confdefs.h.  */
| #include <stdio.h>
| #ifdef HAVE_SYS_TYPES_H
| # include <sys/types.h>
| #endif
| #ifdef HAVE_SYS_STAT_H
| # include <sys/stat.h>
| #endif
| #ifdef STDC_HEADERS
| # include <stdlib.h>
| # include <stddef.h>
| #else
| # ifdef HAVE_STDLIB_H
| #  include <stdlib.h>
| # endif
| #endif
| #ifdef HAVE_STRING_H
| # if !defined STDC_HEADERS && defined HAVE_MEMORY_H
| #  include <memory.h>
| # endif
| # include <string.h>
| #endif
| #ifdef HAVE_STRINGS_H
| # include <strings.h>
| #endif
| #ifdef HAVE_INTTYPES_H
| # include <inttypes.h>
| #endif
| #ifdef HAVE_STDINT_H
| # include <stdint.h>
| #endif
| #ifdef HAVE_UNISTD_H
| # include <unistd.h>
| #endif
| int
| main ()
| {
| if (sizeof ((size_t)))
| 	    return 0;
|   ;
|   return 0;
| }
configure:12321: result: yes
configure:12332: checking whether struct tm is in sys/time.h or time.h
configure:12352: gcc -c -g -Wall -O2 -DOR32 -g -O2  conftest.c >&5
configure:12352: $? = 0
configure:12359: result: time.h
configure:12371: checking for stdlib.h
configure:12371: result: yes
configure:12381: checking for GNU libc compatible malloc
configure:12405: gcc -o conftest -g -Wall -O2 -DOR32 -g -O2   conftest.c  >&5
configure:12405: $? = 0
configure:12405: ./conftest
configure:12405: $? = 0
configure:12415: result: yes
configure:12438: checking for strftime
configure:12438: gcc -o conftest -g -Wall -O2 -DOR32 -g -O2   conftest.c  >&5
conftest.c:93:6: warning: conflicting types for built-in function 'strftime' [enabled by default]
configure:12438: $? = 0
configure:12438: result: yes
configure:12491: checking for working strtod
configure:12532: gcc -o conftest -g -Wall -O2 -DOR32 -g -O2   conftest.c  >&5
conftest.c: In function 'main':
conftest.c:126:12: warning: ignoring return value of 'strtod', declared with attribute warn_unused_result [-Wunused-result]
configure:12532: $? = 0
configure:12532: ./conftest
configure:12532: $? = 0
configure:12542: result: yes
configure:12607: checking for bzero
configure:12607: gcc -o conftest -g -Wall -O2 -DOR32 -g -O2   conftest.c  >&5
conftest.c:94:6: warning: conflicting types for built-in function 'bzero' [enabled by default]
configure:12607: $? = 0
configure:12607: result: yes
configure:12607: checking for strchr
configure:12607: gcc -o conftest -g -Wall -O2 -DOR32 -g -O2   conftest.c  >&5
conftest.c:95:6: warning: conflicting types for built-in function 'strchr' [enabled by default]
configure:12607: $? = 0
configure:12607: result: yes
configure:12607: checking for strcspn
configure:12607: gcc -o conftest -g -Wall -O2 -DOR32 -g -O2   conftest.c  >&5
conftest.c:96:6: warning: conflicting types for built-in function 'strcspn' [enabled by default]
configure:12607: $? = 0
configure:12607: result: yes
configure:12607: checking for strrchr
configure:12607: gcc -o conftest -g -Wall -O2 -DOR32 -g -O2   conftest.c  >&5
conftest.c:97:6: warning: conflicting types for built-in function 'strrchr' [enabled by default]
configure:12607: $? = 0
configure:12607: result: yes
configure:12607: checking for strtol
configure:12607: gcc -o conftest -g -Wall -O2 -DOR32 -g -O2   conftest.c  >&5
configure:12607: $? = 0
configure:12607: result: yes
configure:12616: checking for getopt_long
configure:12616: gcc -o conftest -g -Wall -O2 -DOR32 -g -O2   conftest.c  >&5
configure:12616: $? = 0
configure:12616: result: yes
configure:12623: checking for regcomp
configure:12623: gcc -o conftest -g -Wall -O2 -DOR32 -g -O2   conftest.c  >&5
configure:12623: $? = 0
configure:12623: result: yes
configure:12630: checking for strptime
configure:12630: gcc -o conftest -g -Wall -O2 -DOR32 -g -O2   conftest.c  >&5
configure:12630: $? = 0
configure:12630: result: yes
configure:12676: gcc -c -g -Wall -O2 -DOR32 -g -O2  conftest.c >&5
conftest.c: In function 'main':
conftest.c:80:34: warning: unused variable 'ull' [-Wunused-variable]
conftest.c:80:11: warning: unused variable 'll' [-Wunused-variable]
configure:12676: $? = 0
configure:12684: checking for uint8_t
configure:12684: gcc -c -g -Wall -O2 -DOR32 -g -O2  conftest.c >&5
configure:12684: $? = 0
configure:12684: gcc -c -g -Wall -O2 -DOR32 -g -O2  conftest.c >&5
conftest.c: In function 'main':
conftest.c:82:22: error: expected expression before ')' token
configure:12684: $? = 1
configure: failed program was:
| /* confdefs.h */
| #define PACKAGE_NAME "or1ksim"
| #define PACKAGE_TARNAME "or1ksim"
| #define PACKAGE_VERSION "2011-08-15"
| #define PACKAGE_STRING "or1ksim 2011-08-15"
| #define PACKAGE_BUGREPORT "openrisc@opencores.org"
| #define PACKAGE_URL ""
| #define STDC_HEADERS 1
| #define HAVE_SYS_TYPES_H 1
| #define HAVE_SYS_STAT_H 1
| #define HAVE_STDLIB_H 1
| #define HAVE_STRING_H 1
| #define HAVE_MEMORY_H 1
| #define HAVE_STRINGS_H 1
| #define HAVE_INTTYPES_H 1
| #define HAVE_STDINT_H 1
| #define HAVE_UNISTD_H 1
| #define __EXTENSIONS__ 1
| #define _ALL_SOURCE 1
| #define _GNU_SOURCE 1
| #define _POSIX_PTHREAD_SEMANTICS 1
| #define _TANDEM_SOURCE 1
| #define HAVE_DLFCN_H 1
| #define LT_OBJDIR ".libs/"
| #define PACKAGE "or1ksim"
| #define VERSION "2011-08-15"
| #define OR32_TYPES 1
| #define OR32_BIG_ENDIAN 1
| #define RETSIGTYPE void
| #define HAVE_UNISTD_H 1
| #define HAVE_STDLIB_H 1
| #define HAVE_STDARG_H 1
| #define HAVE_STRING_H 1
| #define HAVE_STRINGS_H 1
| #define HAVE_SYS_STROPTS_H 1
| #define HAVE_SYS_SELECT_H 1
| #define HAVE_TERMCAP_H 1
| #define HAVE_TERMIOS_H 1
| #define HAVE_TERMIO_H 1
| #define HAVE_SYS_FILE_H 1
| #define HAVE_LOCALE_H 1
| #define HAVE_GETOPT_H 1
| #define HAVE_NET_ETHERNET_H 1
| #define HAVE_MALLOC_H 1
| #define HAVE_INTTYPES_H 1
| #define HAVE_LIBINTL_H 1
| #define HAVE_LIMITS_H 1
| #define HAVE_LINUX_IF_TUN_H 1
| #define HAVE_STRCASECMP 1
| #define HAVE_SELECT 1
| #define HAVE_SETENV 1
| #define HAVE_PUTENV 1
| #define HAVE_TCGETATTR 1
| #define HAVE_SETLOCALE 1
| #define HAVE_LSTAT 1
| #define HAVE_GRANTPT 1
| #define HAVE_UNLOCKPT 1
| #define HAVE_PTSNAME 1
| #define HAVE_ON_EXIT 1
| #define HAVE_BASENAME 1
| #define HAVE_STRCOLL 1
| #define HAVE_DECL_I_PUSH 0
| #define HAVE_DECL_RL_EVENT_HOOK 0
| #define HAVE_STRNDUP 1
| #define HAVE_STRCASECMP 1
| #define HAVE_ISBLANK 1
| #define HAVE_STDLIB_H 1
| #define HAVE_MALLOC 1
| #define HAVE_STRFTIME 1
| #define HAVE_BZERO 1
| #define HAVE_STRCHR 1
| #define HAVE_STRCSPN 1
| #define HAVE_STRRCHR 1
| #define HAVE_STRTOL 1
| #define CC_HAS_LONG_LONG 1
| /* end confdefs.h.  */
| #include <inttypes.h>
| 
| int
| main ()
| {
| if (sizeof ((uint8_t)))
| 	    return 0;
|   ;
|   return 0;
| }
configure:12684: result: yes
configure:12694: checking for uint16_t
configure:12694: gcc -c -g -Wall -O2 -DOR32 -g -O2  conftest.c >&5
configure:12694: $? = 0
configure:12694: gcc -c -g -Wall -O2 -DOR32 -g -O2  conftest.c >&5
conftest.c: In function 'main':
conftest.c:83:23: error: expected expression before ')' token
configure:12694: $? = 1
configure: failed program was:
| /* confdefs.h */
| #define PACKAGE_NAME "or1ksim"
| #define PACKAGE_TARNAME "or1ksim"
| #define PACKAGE_VERSION "2011-08-15"
| #define PACKAGE_STRING "or1ksim 2011-08-15"
| #define PACKAGE_BUGREPORT "openrisc@opencores.org"
| #define PACKAGE_URL ""
| #define STDC_HEADERS 1
| #define HAVE_SYS_TYPES_H 1
| #define HAVE_SYS_STAT_H 1
| #define HAVE_STDLIB_H 1
| #define HAVE_STRING_H 1
| #define HAVE_MEMORY_H 1
| #define HAVE_STRINGS_H 1
| #define HAVE_INTTYPES_H 1
| #define HAVE_STDINT_H 1
| #define HAVE_UNISTD_H 1
| #define __EXTENSIONS__ 1
| #define _ALL_SOURCE 1
| #define _GNU_SOURCE 1
| #define _POSIX_PTHREAD_SEMANTICS 1
| #define _TANDEM_SOURCE 1
| #define HAVE_DLFCN_H 1
| #define LT_OBJDIR ".libs/"
| #define PACKAGE "or1ksim"
| #define VERSION "2011-08-15"
| #define OR32_TYPES 1
| #define OR32_BIG_ENDIAN 1
| #define RETSIGTYPE void
| #define HAVE_UNISTD_H 1
| #define HAVE_STDLIB_H 1
| #define HAVE_STDARG_H 1
| #define HAVE_STRING_H 1
| #define HAVE_STRINGS_H 1
| #define HAVE_SYS_STROPTS_H 1
| #define HAVE_SYS_SELECT_H 1
| #define HAVE_TERMCAP_H 1
| #define HAVE_TERMIOS_H 1
| #define HAVE_TERMIO_H 1
| #define HAVE_SYS_FILE_H 1
| #define HAVE_LOCALE_H 1
| #define HAVE_GETOPT_H 1
| #define HAVE_NET_ETHERNET_H 1
| #define HAVE_MALLOC_H 1
| #define HAVE_INTTYPES_H 1
| #define HAVE_LIBINTL_H 1
| #define HAVE_LIMITS_H 1
| #define HAVE_LINUX_IF_TUN_H 1
| #define HAVE_STRCASECMP 1
| #define HAVE_SELECT 1
| #define HAVE_SETENV 1
| #define HAVE_PUTENV 1
| #define HAVE_TCGETATTR 1
| #define HAVE_SETLOCALE 1
| #define HAVE_LSTAT 1
| #define HAVE_GRANTPT 1
| #define HAVE_UNLOCKPT 1
| #define HAVE_PTSNAME 1
| #define HAVE_ON_EXIT 1
| #define HAVE_BASENAME 1
| #define HAVE_STRCOLL 1
| #define HAVE_DECL_I_PUSH 0
| #define HAVE_DECL_RL_EVENT_HOOK 0
| #define HAVE_STRNDUP 1
| #define HAVE_STRCASECMP 1
| #define HAVE_ISBLANK 1
| #define HAVE_STDLIB_H 1
| #define HAVE_MALLOC 1
| #define HAVE_STRFTIME 1
| #define HAVE_BZERO 1
| #define HAVE_STRCHR 1
| #define HAVE_STRCSPN 1
| #define HAVE_STRRCHR 1
| #define HAVE_STRTOL 1
| #define CC_HAS_LONG_LONG 1
| #define HAVE_UINT8_T 1
| /* end confdefs.h.  */
| #include <inttypes.h>
| 
| int
| main ()
| {
| if (sizeof ((uint16_t)))
| 	    return 0;
|   ;
|   return 0;
| }
configure:12694: result: yes
configure:12704: checking for uint32_t
configure:12704: gcc -c -g -Wall -O2 -DOR32 -g -O2  conftest.c >&5
configure:12704: $? = 0
configure:12704: gcc -c -g -Wall -O2 -DOR32 -g -O2  conftest.c >&5
conftest.c: In function 'main':
conftest.c:84:23: error: expected expression before ')' token
configure:12704: $? = 1
configure: failed program was:
| /* confdefs.h */
| #define PACKAGE_NAME "or1ksim"
| #define PACKAGE_TARNAME "or1ksim"
| #define PACKAGE_VERSION "2011-08-15"
| #define PACKAGE_STRING "or1ksim 2011-08-15"
| #define PACKAGE_BUGREPORT "openrisc@opencores.org"
| #define PACKAGE_URL ""
| #define STDC_HEADERS 1
| #define HAVE_SYS_TYPES_H 1
| #define HAVE_SYS_STAT_H 1
| #define HAVE_STDLIB_H 1
| #define HAVE_STRING_H 1
| #define HAVE_MEMORY_H 1
| #define HAVE_STRINGS_H 1
| #define HAVE_INTTYPES_H 1
| #define HAVE_STDINT_H 1
| #define HAVE_UNISTD_H 1
| #define __EXTENSIONS__ 1
| #define _ALL_SOURCE 1
| #define _GNU_SOURCE 1
| #define _POSIX_PTHREAD_SEMANTICS 1
| #define _TANDEM_SOURCE 1
| #define HAVE_DLFCN_H 1
| #define LT_OBJDIR ".libs/"
| #define PACKAGE "or1ksim"
| #define VERSION "2011-08-15"
| #define OR32_TYPES 1
| #define OR32_BIG_ENDIAN 1
| #define RETSIGTYPE void
| #define HAVE_UNISTD_H 1
| #define HAVE_STDLIB_H 1
| #define HAVE_STDARG_H 1
| #define HAVE_STRING_H 1
| #define HAVE_STRINGS_H 1
| #define HAVE_SYS_STROPTS_H 1
| #define HAVE_SYS_SELECT_H 1
| #define HAVE_TERMCAP_H 1
| #define HAVE_TERMIOS_H 1
| #define HAVE_TERMIO_H 1
| #define HAVE_SYS_FILE_H 1
| #define HAVE_LOCALE_H 1
| #define HAVE_GETOPT_H 1
| #define HAVE_NET_ETHERNET_H 1
| #define HAVE_MALLOC_H 1
| #define HAVE_INTTYPES_H 1
| #define HAVE_LIBINTL_H 1
| #define HAVE_LIMITS_H 1
| #define HAVE_LINUX_IF_TUN_H 1
| #define HAVE_STRCASECMP 1
| #define HAVE_SELECT 1
| #define HAVE_SETENV 1
| #define HAVE_PUTENV 1
| #define HAVE_TCGETATTR 1
| #define HAVE_SETLOCALE 1
| #define HAVE_LSTAT 1
| #define HAVE_GRANTPT 1
| #define HAVE_UNLOCKPT 1
| #define HAVE_PTSNAME 1
| #define HAVE_ON_EXIT 1
| #define HAVE_BASENAME 1
| #define HAVE_STRCOLL 1
| #define HAVE_DECL_I_PUSH 0
| #define HAVE_DECL_RL_EVENT_HOOK 0
| #define HAVE_STRNDUP 1
| #define HAVE_STRCASECMP 1
| #define HAVE_ISBLANK 1
| #define HAVE_STDLIB_H 1
| #define HAVE_MALLOC 1
| #define HAVE_STRFTIME 1
| #define HAVE_BZERO 1
| #define HAVE_STRCHR 1
| #define HAVE_STRCSPN 1
| #define HAVE_STRRCHR 1
| #define HAVE_STRTOL 1
| #define CC_HAS_LONG_LONG 1
| #define HAVE_UINT8_T 1
| #define HAVE_UINT16_T 1
| /* end confdefs.h.  */
| #include <inttypes.h>
| 
| int
| main ()
| {
| if (sizeof ((uint32_t)))
| 	    return 0;
|   ;
|   return 0;
| }
configure:12704: result: yes
configure:12715: checking for int8_t
configure:12715: gcc -c -g -Wall -O2 -DOR32 -g -O2  conftest.c >&5
configure:12715: $? = 0
configure:12715: gcc -c -g -Wall -O2 -DOR32 -g -O2  conftest.c >&5
conftest.c: In function 'main':
conftest.c:85:21: error: expected expression before ')' token
configure:12715: $? = 1
configure: failed program was:
| /* confdefs.h */
| #define PACKAGE_NAME "or1ksim"
| #define PACKAGE_TARNAME "or1ksim"
| #define PACKAGE_VERSION "2011-08-15"
| #define PACKAGE_STRING "or1ksim 2011-08-15"
| #define PACKAGE_BUGREPORT "openrisc@opencores.org"
| #define PACKAGE_URL ""
| #define STDC_HEADERS 1
| #define HAVE_SYS_TYPES_H 1
| #define HAVE_SYS_STAT_H 1
| #define HAVE_STDLIB_H 1
| #define HAVE_STRING_H 1
| #define HAVE_MEMORY_H 1
| #define HAVE_STRINGS_H 1
| #define HAVE_INTTYPES_H 1
| #define HAVE_STDINT_H 1
| #define HAVE_UNISTD_H 1
| #define __EXTENSIONS__ 1
| #define _ALL_SOURCE 1
| #define _GNU_SOURCE 1
| #define _POSIX_PTHREAD_SEMANTICS 1
| #define _TANDEM_SOURCE 1
| #define HAVE_DLFCN_H 1
| #define LT_OBJDIR ".libs/"
| #define PACKAGE "or1ksim"
| #define VERSION "2011-08-15"
| #define OR32_TYPES 1
| #define OR32_BIG_ENDIAN 1
| #define RETSIGTYPE void
| #define HAVE_UNISTD_H 1
| #define HAVE_STDLIB_H 1
| #define HAVE_STDARG_H 1
| #define HAVE_STRING_H 1
| #define HAVE_STRINGS_H 1
| #define HAVE_SYS_STROPTS_H 1
| #define HAVE_SYS_SELECT_H 1
| #define HAVE_TERMCAP_H 1
| #define HAVE_TERMIOS_H 1
| #define HAVE_TERMIO_H 1
| #define HAVE_SYS_FILE_H 1
| #define HAVE_LOCALE_H 1
| #define HAVE_GETOPT_H 1
| #define HAVE_NET_ETHERNET_H 1
| #define HAVE_MALLOC_H 1
| #define HAVE_INTTYPES_H 1
| #define HAVE_LIBINTL_H 1
| #define HAVE_LIMITS_H 1
| #define HAVE_LINUX_IF_TUN_H 1
| #define HAVE_STRCASECMP 1
| #define HAVE_SELECT 1
| #define HAVE_SETENV 1
| #define HAVE_PUTENV 1
| #define HAVE_TCGETATTR 1
| #define HAVE_SETLOCALE 1
| #define HAVE_LSTAT 1
| #define HAVE_GRANTPT 1
| #define HAVE_UNLOCKPT 1
| #define HAVE_PTSNAME 1
| #define HAVE_ON_EXIT 1
| #define HAVE_BASENAME 1
| #define HAVE_STRCOLL 1
| #define HAVE_DECL_I_PUSH 0
| #define HAVE_DECL_RL_EVENT_HOOK 0
| #define HAVE_STRNDUP 1
| #define HAVE_STRCASECMP 1
| #define HAVE_ISBLANK 1
| #define HAVE_STDLIB_H 1
| #define HAVE_MALLOC 1
| #define HAVE_STRFTIME 1
| #define HAVE_BZERO 1
| #define HAVE_STRCHR 1
| #define HAVE_STRCSPN 1
| #define HAVE_STRRCHR 1
| #define HAVE_STRTOL 1
| #define CC_HAS_LONG_LONG 1
| #define HAVE_UINT8_T 1
| #define HAVE_UINT16_T 1
| #define HAVE_UINT32_T 1
| /* end confdefs.h.  */
| #include <inttypes.h>
| 
| int
| main ()
| {
| if (sizeof ((int8_t)))
| 	    return 0;
|   ;
|   return 0;
| }
configure:12715: result: yes
configure:12725: checking for int16_t
configure:12725: gcc -c -g -Wall -O2 -DOR32 -g -O2  conftest.c >&5
configure:12725: $? = 0
configure:12725: gcc -c -g -Wall -O2 -DOR32 -g -O2  conftest.c >&5
conftest.c: In function 'main':
conftest.c:86:22: error: expected expression before ')' token
configure:12725: $? = 1
configure: failed program was:
| /* confdefs.h */
| #define PACKAGE_NAME "or1ksim"
| #define PACKAGE_TARNAME "or1ksim"
| #define PACKAGE_VERSION "2011-08-15"
| #define PACKAGE_STRING "or1ksim 2011-08-15"
| #define PACKAGE_BUGREPORT "openrisc@opencores.org"
| #define PACKAGE_URL ""
| #define STDC_HEADERS 1
| #define HAVE_SYS_TYPES_H 1
| #define HAVE_SYS_STAT_H 1
| #define HAVE_STDLIB_H 1
| #define HAVE_STRING_H 1
| #define HAVE_MEMORY_H 1
| #define HAVE_STRINGS_H 1
| #define HAVE_INTTYPES_H 1
| #define HAVE_STDINT_H 1
| #define HAVE_UNISTD_H 1
| #define __EXTENSIONS__ 1
| #define _ALL_SOURCE 1
| #define _GNU_SOURCE 1
| #define _POSIX_PTHREAD_SEMANTICS 1
| #define _TANDEM_SOURCE 1
| #define HAVE_DLFCN_H 1
| #define LT_OBJDIR ".libs/"
| #define PACKAGE "or1ksim"
| #define VERSION "2011-08-15"
| #define OR32_TYPES 1
| #define OR32_BIG_ENDIAN 1
| #define RETSIGTYPE void
| #define HAVE_UNISTD_H 1
| #define HAVE_STDLIB_H 1
| #define HAVE_STDARG_H 1
| #define HAVE_STRING_H 1
| #define HAVE_STRINGS_H 1
| #define HAVE_SYS_STROPTS_H 1
| #define HAVE_SYS_SELECT_H 1
| #define HAVE_TERMCAP_H 1
| #define HAVE_TERMIOS_H 1
| #define HAVE_TERMIO_H 1
| #define HAVE_SYS_FILE_H 1
| #define HAVE_LOCALE_H 1
| #define HAVE_GETOPT_H 1
| #define HAVE_NET_ETHERNET_H 1
| #define HAVE_MALLOC_H 1
| #define HAVE_INTTYPES_H 1
| #define HAVE_LIBINTL_H 1
| #define HAVE_LIMITS_H 1
| #define HAVE_LINUX_IF_TUN_H 1
| #define HAVE_STRCASECMP 1
| #define HAVE_SELECT 1
| #define HAVE_SETENV 1
| #define HAVE_PUTENV 1
| #define HAVE_TCGETATTR 1
| #define HAVE_SETLOCALE 1
| #define HAVE_LSTAT 1
| #define HAVE_GRANTPT 1
| #define HAVE_UNLOCKPT 1
| #define HAVE_PTSNAME 1
| #define HAVE_ON_EXIT 1
| #define HAVE_BASENAME 1
| #define HAVE_STRCOLL 1
| #define HAVE_DECL_I_PUSH 0
| #define HAVE_DECL_RL_EVENT_HOOK 0
| #define HAVE_STRNDUP 1
| #define HAVE_STRCASECMP 1
| #define HAVE_ISBLANK 1
| #define HAVE_STDLIB_H 1
| #define HAVE_MALLOC 1
| #define HAVE_STRFTIME 1
| #define HAVE_BZERO 1
| #define HAVE_STRCHR 1
| #define HAVE_STRCSPN 1
| #define HAVE_STRRCHR 1
| #define HAVE_STRTOL 1
| #define CC_HAS_LONG_LONG 1
| #define HAVE_UINT8_T 1
| #define HAVE_UINT16_T 1
| #define HAVE_UINT32_T 1
| #define HAVE_INT8_T 1
| /* end confdefs.h.  */
| #include <inttypes.h>
| 
| int
| main ()
| {
| if (sizeof ((int16_t)))
| 	    return 0;
|   ;
|   return 0;
| }
configure:12725: result: yes
configure:12735: checking for int32_t
configure:12735: gcc -c -g -Wall -O2 -DOR32 -g -O2  conftest.c >&5
configure:12735: $? = 0
configure:12735: gcc -c -g -Wall -O2 -DOR32 -g -O2  conftest.c >&5
conftest.c: In function 'main':
conftest.c:87:22: error: expected expression before ')' token
configure:12735: $? = 1
configure: failed program was:
| /* confdefs.h */
| #define PACKAGE_NAME "or1ksim"
| #define PACKAGE_TARNAME "or1ksim"
| #define PACKAGE_VERSION "2011-08-15"
| #define PACKAGE_STRING "or1ksim 2011-08-15"
| #define PACKAGE_BUGREPORT "openrisc@opencores.org"
| #define PACKAGE_URL ""
| #define STDC_HEADERS 1
| #define HAVE_SYS_TYPES_H 1
| #define HAVE_SYS_STAT_H 1
| #define HAVE_STDLIB_H 1
| #define HAVE_STRING_H 1
| #define HAVE_MEMORY_H 1
| #define HAVE_STRINGS_H 1
| #define HAVE_INTTYPES_H 1
| #define HAVE_STDINT_H 1
| #define HAVE_UNISTD_H 1
| #define __EXTENSIONS__ 1
| #define _ALL_SOURCE 1
| #define _GNU_SOURCE 1
| #define _POSIX_PTHREAD_SEMANTICS 1
| #define _TANDEM_SOURCE 1
| #define HAVE_DLFCN_H 1
| #define LT_OBJDIR ".libs/"
| #define PACKAGE "or1ksim"
| #define VERSION "2011-08-15"
| #define OR32_TYPES 1
| #define OR32_BIG_ENDIAN 1
| #define RETSIGTYPE void
| #define HAVE_UNISTD_H 1
| #define HAVE_STDLIB_H 1
| #define HAVE_STDARG_H 1
| #define HAVE_STRING_H 1
| #define HAVE_STRINGS_H 1
| #define HAVE_SYS_STROPTS_H 1
| #define HAVE_SYS_SELECT_H 1
| #define HAVE_TERMCAP_H 1
| #define HAVE_TERMIOS_H 1
| #define HAVE_TERMIO_H 1
| #define HAVE_SYS_FILE_H 1
| #define HAVE_LOCALE_H 1
| #define HAVE_GETOPT_H 1
| #define HAVE_NET_ETHERNET_H 1
| #define HAVE_MALLOC_H 1
| #define HAVE_INTTYPES_H 1
| #define HAVE_LIBINTL_H 1
| #define HAVE_LIMITS_H 1
| #define HAVE_LINUX_IF_TUN_H 1
| #define HAVE_STRCASECMP 1
| #define HAVE_SELECT 1
| #define HAVE_SETENV 1
| #define HAVE_PUTENV 1
| #define HAVE_TCGETATTR 1
| #define HAVE_SETLOCALE 1
| #define HAVE_LSTAT 1
| #define HAVE_GRANTPT 1
| #define HAVE_UNLOCKPT 1
| #define HAVE_PTSNAME 1
| #define HAVE_ON_EXIT 1
| #define HAVE_BASENAME 1
| #define HAVE_STRCOLL 1
| #define HAVE_DECL_I_PUSH 0
| #define HAVE_DECL_RL_EVENT_HOOK 0
| #define HAVE_STRNDUP 1
| #define HAVE_STRCASECMP 1
| #define HAVE_ISBLANK 1
| #define HAVE_STDLIB_H 1
| #define HAVE_MALLOC 1
| #define HAVE_STRFTIME 1
| #define HAVE_BZERO 1
| #define HAVE_STRCHR 1
| #define HAVE_STRCSPN 1
| #define HAVE_STRRCHR 1
| #define HAVE_STRTOL 1
| #define CC_HAS_LONG_LONG 1
| #define HAVE_UINT8_T 1
| #define HAVE_UINT16_T 1
| #define HAVE_UINT32_T 1
| #define HAVE_INT8_T 1
| #define HAVE_INT16_T 1
| /* end confdefs.h.  */
| #include <inttypes.h>
| 
| int
| main ()
| {
| if (sizeof ((int32_t)))
| 	    return 0;
|   ;
|   return 0;
| }
configure:12735: result: yes
configure:12751: checking size of char
configure:12756: gcc -o conftest -g -Wall -O2 -DOR32 -g -O2   conftest.c  >&5
configure:12756: $? = 0
configure:12756: ./conftest
configure:12756: $? = 0
configure:12770: result: 1
configure:12784: checking size of short
configure:12789: gcc -o conftest -g -Wall -O2 -DOR32 -g -O2   conftest.c  >&5
configure:12789: $? = 0
configure:12789: ./conftest
configure:12789: $? = 0
configure:12803: result: 2
configure:12817: checking size of int
configure:12822: gcc -o conftest -g -Wall -O2 -DOR32 -g -O2   conftest.c  >&5
configure:12822: $? = 0
configure:12822: ./conftest
configure:12822: $? = 0
configure:12836: result: 4
configure:12850: checking size of long
configure:12855: gcc -o conftest -g -Wall -O2 -DOR32 -g -O2   conftest.c  >&5
configure:12855: $? = 0
configure:12855: ./conftest
configure:12855: $? = 0
configure:12869: result: 8
configure:12883: checking size of long long
configure:12888: gcc -o conftest -g -Wall -O2 -DOR32 -g -O2   conftest.c  >&5
configure:12888: $? = 0
configure:12888: ./conftest
configure:12888: $? = 0
configure:12902: result: 8
configure:12914: checking for __compar_fn_t
configure:12914: gcc -c -g -Wall -O2 -DOR32 -g -O2  conftest.c >&5
configure:12914: $? = 0
configure:12914: gcc -c -g -Wall -O2 -DOR32 -g -O2  conftest.c >&5
conftest.c: In function 'main':
conftest.c:124:28: error: expected expression before ')' token
configure:12914: $? = 1
configure: failed program was:
| /* confdefs.h */
| #define PACKAGE_NAME "or1ksim"
| #define PACKAGE_TARNAME "or1ksim"
| #define PACKAGE_VERSION "2011-08-15"
| #define PACKAGE_STRING "or1ksim 2011-08-15"
| #define PACKAGE_BUGREPORT "openrisc@opencores.org"
| #define PACKAGE_URL ""
| #define STDC_HEADERS 1
| #define HAVE_SYS_TYPES_H 1
| #define HAVE_SYS_STAT_H 1
| #define HAVE_STDLIB_H 1
| #define HAVE_STRING_H 1
| #define HAVE_MEMORY_H 1
| #define HAVE_STRINGS_H 1
| #define HAVE_INTTYPES_H 1
| #define HAVE_STDINT_H 1
| #define HAVE_UNISTD_H 1
| #define __EXTENSIONS__ 1
| #define _ALL_SOURCE 1
| #define _GNU_SOURCE 1
| #define _POSIX_PTHREAD_SEMANTICS 1
| #define _TANDEM_SOURCE 1
| #define HAVE_DLFCN_H 1
| #define LT_OBJDIR ".libs/"
| #define PACKAGE "or1ksim"
| #define VERSION "2011-08-15"
| #define OR32_TYPES 1
| #define OR32_BIG_ENDIAN 1
| #define RETSIGTYPE void
| #define HAVE_UNISTD_H 1
| #define HAVE_STDLIB_H 1
| #define HAVE_STDARG_H 1
| #define HAVE_STRING_H 1
| #define HAVE_STRINGS_H 1
| #define HAVE_SYS_STROPTS_H 1
| #define HAVE_SYS_SELECT_H 1
| #define HAVE_TERMCAP_H 1
| #define HAVE_TERMIOS_H 1
| #define HAVE_TERMIO_H 1
| #define HAVE_SYS_FILE_H 1
| #define HAVE_LOCALE_H 1
| #define HAVE_GETOPT_H 1
| #define HAVE_NET_ETHERNET_H 1
| #define HAVE_MALLOC_H 1
| #define HAVE_INTTYPES_H 1
| #define HAVE_LIBINTL_H 1
| #define HAVE_LIMITS_H 1
| #define HAVE_LINUX_IF_TUN_H 1
| #define HAVE_STRCASECMP 1
| #define HAVE_SELECT 1
| #define HAVE_SETENV 1
| #define HAVE_PUTENV 1
| #define HAVE_TCGETATTR 1
| #define HAVE_SETLOCALE 1
| #define HAVE_LSTAT 1
| #define HAVE_GRANTPT 1
| #define HAVE_UNLOCKPT 1
| #define HAVE_PTSNAME 1
| #define HAVE_ON_EXIT 1
| #define HAVE_BASENAME 1
| #define HAVE_STRCOLL 1
| #define HAVE_DECL_I_PUSH 0
| #define HAVE_DECL_RL_EVENT_HOOK 0
| #define HAVE_STRNDUP 1
| #define HAVE_STRCASECMP 1
| #define HAVE_ISBLANK 1
| #define HAVE_STDLIB_H 1
| #define HAVE_MALLOC 1
| #define HAVE_STRFTIME 1
| #define HAVE_BZERO 1
| #define HAVE_STRCHR 1
| #define HAVE_STRCSPN 1
| #define HAVE_STRRCHR 1
| #define HAVE_STRTOL 1
| #define CC_HAS_LONG_LONG 1
| #define HAVE_UINT8_T 1
| #define HAVE_UINT16_T 1
| #define HAVE_UINT32_T 1
| #define HAVE_INT8_T 1
| #define HAVE_INT16_T 1
| #define HAVE_INT32_T 1
| #define SIZEOF_CHAR 1
| #define SIZEOF_SHORT 2
| #define SIZEOF_INT 4
| #define SIZEOF_LONG 8
| #define SIZEOF_LONG_LONG 8
| /* end confdefs.h.  */
| #include <stdio.h>
| #ifdef HAVE_SYS_TYPES_H
| # include <sys/types.h>
| #endif
| #ifdef HAVE_SYS_STAT_H
| # include <sys/stat.h>
| #endif
| #ifdef STDC_HEADERS
| # include <stdlib.h>
| # include <stddef.h>
| #else
| # ifdef HAVE_STDLIB_H
| #  include <stdlib.h>
| # endif
| #endif
| #ifdef HAVE_STRING_H
| # if !defined STDC_HEADERS && defined HAVE_MEMORY_H
| #  include <memory.h>
| # endif
| # include <string.h>
| #endif
| #ifdef HAVE_STRINGS_H
| # include <strings.h>
| #endif
| #ifdef HAVE_INTTYPES_H
| # include <inttypes.h>
| #endif
| #ifdef HAVE_STDINT_H
| # include <stdint.h>
| #endif
| #ifdef HAVE_UNISTD_H
| # include <unistd.h>
| #endif
| int
| main ()
| {
| if (sizeof ((__compar_fn_t)))
| 	    return 0;
|   ;
|   return 0;
| }
configure:12914: result: yes
configure:12926: checking for add_history in -lreadline
configure:12951: gcc -o conftest -g -Wall -O2 -DOR32 -g -O2   conftest.c -lreadline   >&5
/usr/bin/ld: cannot find -lreadline
collect2: ld returned 1 exit status
configure:12951: $? = 1
configure: failed program was:
| /* confdefs.h */
| #define PACKAGE_NAME "or1ksim"
| #define PACKAGE_TARNAME "or1ksim"
| #define PACKAGE_VERSION "2011-08-15"
| #define PACKAGE_STRING "or1ksim 2011-08-15"
| #define PACKAGE_BUGREPORT "openrisc@opencores.org"
| #define PACKAGE_URL ""
| #define STDC_HEADERS 1
| #define HAVE_SYS_TYPES_H 1
| #define HAVE_SYS_STAT_H 1
| #define HAVE_STDLIB_H 1
| #define HAVE_STRING_H 1
| #define HAVE_MEMORY_H 1
| #define HAVE_STRINGS_H 1
| #define HAVE_INTTYPES_H 1
| #define HAVE_STDINT_H 1
| #define HAVE_UNISTD_H 1
| #define __EXTENSIONS__ 1
| #define _ALL_SOURCE 1
| #define _GNU_SOURCE 1
| #define _POSIX_PTHREAD_SEMANTICS 1
| #define _TANDEM_SOURCE 1
| #define HAVE_DLFCN_H 1
| #define LT_OBJDIR ".libs/"
| #define PACKAGE "or1ksim"
| #define VERSION "2011-08-15"
| #define OR32_TYPES 1
| #define OR32_BIG_ENDIAN 1
| #define RETSIGTYPE void
| #define HAVE_UNISTD_H 1
| #define HAVE_STDLIB_H 1
| #define HAVE_STDARG_H 1
| #define HAVE_STRING_H 1
| #define HAVE_STRINGS_H 1
| #define HAVE_SYS_STROPTS_H 1
| #define HAVE_SYS_SELECT_H 1
| #define HAVE_TERMCAP_H 1
| #define HAVE_TERMIOS_H 1
| #define HAVE_TERMIO_H 1
| #define HAVE_SYS_FILE_H 1
| #define HAVE_LOCALE_H 1
| #define HAVE_GETOPT_H 1
| #define HAVE_NET_ETHERNET_H 1
| #define HAVE_MALLOC_H 1
| #define HAVE_INTTYPES_H 1
| #define HAVE_LIBINTL_H 1
| #define HAVE_LIMITS_H 1
| #define HAVE_LINUX_IF_TUN_H 1
| #define HAVE_STRCASECMP 1
| #define HAVE_SELECT 1
| #define HAVE_SETENV 1
| #define HAVE_PUTENV 1
| #define HAVE_TCGETATTR 1
| #define HAVE_SETLOCALE 1
| #define HAVE_LSTAT 1
| #define HAVE_GRANTPT 1
| #define HAVE_UNLOCKPT 1
| #define HAVE_PTSNAME 1
| #define HAVE_ON_EXIT 1
| #define HAVE_BASENAME 1
| #define HAVE_STRCOLL 1
| #define HAVE_DECL_I_PUSH 0
| #define HAVE_DECL_RL_EVENT_HOOK 0
| #define HAVE_STRNDUP 1
| #define HAVE_STRCASECMP 1
| #define HAVE_ISBLANK 1
| #define HAVE_STDLIB_H 1
| #define HAVE_MALLOC 1
| #define HAVE_STRFTIME 1
| #define HAVE_BZERO 1
| #define HAVE_STRCHR 1
| #define HAVE_STRCSPN 1
| #define HAVE_STRRCHR 1
| #define HAVE_STRTOL 1
| #define CC_HAS_LONG_LONG 1
| #define HAVE_UINT8_T 1
| #define HAVE_UINT16_T 1
| #define HAVE_UINT32_T 1
| #define HAVE_INT8_T 1
| #define HAVE_INT16_T 1
| #define HAVE_INT32_T 1
| #define SIZEOF_CHAR 1
| #define SIZEOF_SHORT 2
| #define SIZEOF_INT 4
| #define SIZEOF_LONG 8
| #define SIZEOF_LONG_LONG 8
| #define HAVE___COMPAR_FN_T 1
| /* end confdefs.h.  */
| 
| /* Override any GCC internal prototype to avoid an error.
|    Use char because int might match the return type of a GCC
|    builtin and then its argument prototype would still apply.  */
| #ifdef __cplusplus
| extern "C"
| #endif
| char add_history ();
| int
| main ()
| {
| return add_history ();
|   ;
|   return 0;
| }
configure:12960: result: no
configure:12990: checking whether to enable profiling
configure:13001: result: no
configure:13007: checking which execution style to use
configure:13032: result: complex
configure:13039: checking whether to enable ethernet phy emulation
configure:13051: result: no
configure:13055: checking whether l.xori takes an unsigned immediate operand
configure:13067: result: no
configure:13071: checking whether to use raw range stats
configure:13083: result: no
configure:13347: creating ./config.status

## ---------------- ##
## Cache variables. ##
## ---------------- ##

ac_cv_build=x86_64-unknown-linux-gnu
ac_cv_c_bigendian=no
ac_cv_c_compiler_gnu=yes
ac_cv_env_CCASFLAGS_set=
ac_cv_env_CCASFLAGS_value=
ac_cv_env_CCAS_set=
ac_cv_env_CCAS_value=
ac_cv_env_CC_set=
ac_cv_env_CC_value=
ac_cv_env_CFLAGS_set=
ac_cv_env_CFLAGS_value=
ac_cv_env_CPPFLAGS_set=
ac_cv_env_CPPFLAGS_value=
ac_cv_env_CPP_set=
ac_cv_env_CPP_value=
ac_cv_env_LDFLAGS_set=
ac_cv_env_LDFLAGS_value=
ac_cv_env_LIBS_set=
ac_cv_env_LIBS_value=
ac_cv_env_build_alias_set=
ac_cv_env_build_alias_value=
ac_cv_env_host_alias_set=
ac_cv_env_host_alias_value=
ac_cv_env_target_alias_set=set
ac_cv_env_target_alias_value=or32-elf
ac_cv_func_basename=yes
ac_cv_func_bzero=yes
ac_cv_func_getopt_long=yes
ac_cv_func_grantpt=yes
ac_cv_func_lstat=yes
ac_cv_func_malloc_0_nonnull=yes
ac_cv_func_on_exit=yes
ac_cv_func_ptsname=yes
ac_cv_func_putenv=yes
ac_cv_func_regcomp=yes
ac_cv_func_select=yes
ac_cv_func_setenv=yes
ac_cv_func_setlocale=yes
ac_cv_func_strcasecmp=yes
ac_cv_func_strchr=yes
ac_cv_func_strcoll_works=yes
ac_cv_func_strcspn=yes
ac_cv_func_strftime=yes
ac_cv_func_strptime=yes
ac_cv_func_strrchr=yes
ac_cv_func_strtod=yes
ac_cv_func_strtol=yes
ac_cv_func_tcgetattr=yes
ac_cv_func_unlockpt=yes
ac_cv_have_decl_I_PUSH=no
ac_cv_have_decl_rl_event_hook=no
ac_cv_header_dlfcn_h=yes
ac_cv_header_getopt_h=yes
ac_cv_header_inttypes_h=yes
ac_cv_header_libintl_h=yes
ac_cv_header_limits_h=yes
ac_cv_header_linux_if_tun_h=yes
ac_cv_header_locale_h=yes
ac_cv_header_malloc_h=yes
ac_cv_header_memory_h=yes
ac_cv_header_minix_config_h=no
ac_cv_header_net_ethernet_h=yes
ac_cv_header_stdarg_h=yes
ac_cv_header_stdc=yes
ac_cv_header_stdint_h=yes
ac_cv_header_stdlib_h=yes
ac_cv_header_string_h=yes
ac_cv_header_strings_h=yes
ac_cv_header_sys_ethernet_h=no
ac_cv_header_sys_file_h=yes
ac_cv_header_sys_pte_h=no
ac_cv_header_sys_ptem_h=no
ac_cv_header_sys_select_h=yes
ac_cv_header_sys_stat_h=yes
ac_cv_header_sys_stream_h=no
ac_cv_header_sys_stropts_h=yes
ac_cv_header_sys_types_h=yes
ac_cv_header_termcap_h=yes
ac_cv_header_termio_h=yes
ac_cv_header_termios_h=yes
ac_cv_header_unistd_h=yes
ac_cv_host=x86_64-unknown-linux-gnu
ac_cv_lib_readline_add_history=no
ac_cv_objext=o
ac_cv_path_EGREP='/bin/grep -E'
ac_cv_path_FGREP='/bin/grep -F'
ac_cv_path_GREP=/bin/grep
ac_cv_path_SED=/bin/sed
ac_cv_path_install='/usr/bin/install -c'
ac_cv_path_mkdir=/bin/mkdir
ac_cv_prog_AR=ar
ac_cv_prog_AWK=gawk
ac_cv_prog_CPP='gcc -E'
ac_cv_prog_ac_ct_AR=ar
ac_cv_prog_ac_ct_CC=gcc
ac_cv_prog_ac_ct_OBJDUMP=objdump
ac_cv_prog_ac_ct_RANLIB=ranlib
ac_cv_prog_ac_ct_STRIP=strip
ac_cv_prog_cc_c89=
ac_cv_prog_cc_g=yes
ac_cv_prog_cc_gcc_c_o=yes
ac_cv_prog_make_make_set=yes
ac_cv_safe_to_define___extensions__=yes
ac_cv_sizeof_char=1
ac_cv_sizeof_int=4
ac_cv_sizeof_long=8
ac_cv_sizeof_long_long=8
ac_cv_sizeof_short=2
ac_cv_struct_tm=time.h
ac_cv_target=or32-unknown-elf
ac_cv_type___compar_fn_t=yes
ac_cv_type_int16_t=yes
ac_cv_type_int32_t=yes
ac_cv_type_int8_t=yes
ac_cv_type_signal=void
ac_cv_type_size_t=yes
ac_cv_type_uint16_t=yes
ac_cv_type_uint32_t=yes
ac_cv_type_uint8_t=yes
am_cv_CCAS_dependencies_compiler_type=gcc3
am_cv_CC_dependencies_compiler_type=gcc3
lt_cv_deplibs_check_method=pass_all
lt_cv_file_magic_cmd='$MAGIC_CMD'
lt_cv_file_magic_test_file=
lt_cv_ld_reload_flag=-r
lt_cv_nm_interface='BSD nm'
lt_cv_objdir=.libs
lt_cv_path_LD=/usr/bin/ld
lt_cv_path_NM='/usr/bin/nm -B'
lt_cv_prog_compiler_c_o=yes
lt_cv_prog_compiler_pic_works=yes
lt_cv_prog_compiler_rtti_exceptions=no
lt_cv_prog_compiler_static_works=yes
lt_cv_prog_gnu_ld=yes
lt_cv_sys_global_symbol_pipe='sed -n -e '\''s/^.*[	 ]\([ABCDGIRSTW][ABCDGIRSTW]*\)[	 ][	 ]*\([_A-Za-z][_A-Za-z0-9]*\)$/\1 \2 \2/p'\'''
lt_cv_sys_global_symbol_to_c_name_address='sed -n -e '\''s/^: \([^ ]*\) $/  {\"\1\", (void *) 0},/p'\'' -e '\''s/^[ABCDGIRSTW]* \([^ ]*\) \([^ ]*\)$/  {"\2", (void *) \&\2},/p'\'''
lt_cv_sys_global_symbol_to_c_name_address_lib_prefix='sed -n -e '\''s/^: \([^ ]*\) $/  {\"\1\", (void *) 0},/p'\'' -e '\''s/^[ABCDGIRSTW]* \([^ ]*\) \(lib[^ ]*\)$/  {"\2", (void *) \&\2},/p'\'' -e '\''s/^[ABCDGIRSTW]* \([^ ]*\) \([^ ]*\)$/  {"lib\2", (void *) \&\2},/p'\'''
lt_cv_sys_global_symbol_to_cdecl='sed -n -e '\''s/^T .* \(.*\)$/extern int \1();/p'\'' -e '\''s/^[ABCDGIRSTW]* .* \(.*\)$/extern char \1;/p'\'''
lt_cv_sys_max_cmd_len=3458764513820540925

## ----------------- ##
## Output variables. ##
## ----------------- ##

ACLOCAL='${SHELL} /home/echen/scratch/cs259-w12/or1ksim/missing --run aclocal-1.11'
AMDEPBACKSLASH='\'
AMDEP_FALSE='#'
AMDEP_TRUE=''
AMTAR='${SHELL} /home/echen/scratch/cs259-w12/or1ksim/missing --run tar'
AM_BACKSLASH='\'
AM_DEFAULT_VERBOSITY='0'
AR='ar'
ARFLAGS='cr'
AUTOCONF='${SHELL} /home/echen/scratch/cs259-w12/or1ksim/missing --run autoconf'
AUTOHEADER='${SHELL} /home/echen/scratch/cs259-w12/or1ksim/missing --run autoheader'
AUTOMAKE='${SHELL} /home/echen/scratch/cs259-w12/or1ksim/missing --run automake-1.11'
AWK='gawk'
BUILD_DIR='/home/echen/scratch/cs259-w12/or1ksim'
CC='gcc'
CCAS='gcc'
CCASDEPMODE='depmode=gcc3'
CCASFLAGS='-g -Wall -O2 -DOR32 -g -O2'
CCDEPMODE='depmode=gcc3'
CFLAGS='-g -Wall -O2 -DOR32 -g -O2'
CPP='gcc -E'
CPPFLAGS=''
CPU_ARCH='or32'
CYGPATH_W='echo'
DEBUGFLAGS='-DNDEBUG'
DEFS='-DHAVE_CONFIG_H'
DEJAGNU='$(top_srcdir)/testsuite/global-conf.exp'
DEPDIR='.deps'
DSYMUTIL=''
DUMPBIN=''
ECHO_C=''
ECHO_N='-n'
ECHO_T=''
EGREP='/bin/grep -E'
EXEEXT=''
FGREP='/bin/grep -F'
GENERATE_NEEDED_FALSE='#'
GENERATE_NEEDED_TRUE=''
GREP='/bin/grep'
INCLUDES='-I${top_builddir}/cpu/or32 -I${top_srcdir} -I${top_srcdir}/cpu/common -I${top_srcdir}/cpu/or1k -I${top_srcdir}/cache -I${top_srcdir}/mmu -I${top_srcdir}/bpb -I${top_srcdir}/peripheral -I${top_srcdir}/tick -I${top_srcdir}/peripheral/channels -I${top_srcdir}/pm -I${top_srcdir}/pic -I${top_srcdir}/debug -I${top_srcdir}/vapi -I${top_srcdir}/support -I${top_srcdir}/cuc -I${top_srcdir}/port -I${top_srcdir}/argtable2 -I${top_srcdir}/softfloat -I${top_srcdir}/pcu'
INSTALL_DATA='${INSTALL} -m 644'
INSTALL_PROGRAM='${INSTALL}'
INSTALL_SCRIPT='${INSTALL}'
INSTALL_STRIP_PROGRAM='$(install_sh) -c -s'
LD='/usr/bin/ld -m elf_x86_64'
LDFLAGS=''
LIBOBJS=''
LIBS=''
LIBTOOL='$(SHELL) $(top_builddir)/libtool'
LIPO=''
LN_S='ln -s'
LOCAL_CFLAGS=''
LOCAL_DEFS=''
LOCAL_LDFLAGS=''
LTLIBOBJS=''
MAKEINFO='${SHELL} /home/echen/scratch/cs259-w12/or1ksim/missing --run makeinfo'
MKDIR_P='/bin/mkdir -p'
NM='/usr/bin/nm -B'
NMEDIT=''
OBJDUMP='objdump'
OBJEXT='o'
OTOOL64=''
OTOOL=''
PACKAGE='or1ksim'
PACKAGE_BUGREPORT='openrisc@opencores.org'
PACKAGE_NAME='or1ksim'
PACKAGE_STRING='or1ksim 2011-08-15'
PACKAGE_TARNAME='or1ksim'
PACKAGE_URL=''
PACKAGE_VERSION='2011-08-15'
PATH_SEPARATOR=':'
POW_LIB=''
RANLIB='ranlib'
RUNTESTDEFAULTFLAGS='--tool $$tool'
SED='/bin/sed'
SET_MAKE=''
SHELL='/bin/bash'
STRIP='strip'
SUMVERSION=''
TERMCAP_LIB=''
USE_ARGDATE_FALSE='#'
USE_ARGDATE_TRUE=''
USE_ARGREX_FALSE='#'
USE_ARGREX_TRUE=''
USE_SYS_GETOPTLONG_FALSE='#'
USE_SYS_GETOPTLONG_TRUE=''
VERSION='2011-08-15'
ac_ct_CC='gcc'
ac_ct_DUMPBIN=''
am__EXEEXT_FALSE=''
am__EXEEXT_TRUE='#'
am__fastdepCCAS_FALSE='#'
am__fastdepCCAS_TRUE=''
am__fastdepCC_FALSE='#'
am__fastdepCC_TRUE=''
am__include='include'
am__isrc=''
am__leading_dot='.'
am__quote=''
am__tar='${AMTAR} chof - "$$tardir"'
am__untar='${AMTAR} xf -'
bindir='${exec_prefix}/bin'
build='x86_64-unknown-linux-gnu'
build_alias=''
build_cpu='x86_64'
build_os='linux-gnu'
build_vendor='unknown'
datadir='${datarootdir}'
datarootdir='${prefix}/share'
docdir='${datarootdir}/doc/${PACKAGE_TARNAME}'
dvidir='${docdir}'
exec_prefix='${prefix}'
host='x86_64-unknown-linux-gnu'
host_alias=''
host_cpu='x86_64'
host_os='linux-gnu'
host_vendor='unknown'
htmldir='${docdir}'
includedir='${prefix}/include'
infodir='${datarootdir}/info'
install_sh='${SHELL} /home/echen/scratch/cs259-w12/or1ksim/install-sh'
libdir='${exec_prefix}/lib'
libexecdir='${exec_prefix}/libexec'
localedir='${datarootdir}/locale'
localstatedir='${prefix}/var'
lt_ECHO='echo'
mandir='${datarootdir}/man'
mkdir_p='/bin/mkdir -p'
oldincludedir='/usr/include'
pdfdir='${docdir}'
prefix='/opt/or1ksim'
program_transform_name='s&^&or32-elf-&'
psdir='${docdir}'
sbindir='${exec_prefix}/sbin'
sharedstatedir='${prefix}/com'
subdirs=' testsuite/test-code-or1k'
sysconfdir='${prefix}/etc'
target='or32-unknown-elf'
target_alias='or32-elf'
target_cpu='or32'
target_os='elf'
target_vendor='unknown'

## ----------- ##
## confdefs.h. ##
## ----------- ##

/* confdefs.h */
#define PACKAGE_NAME "or1ksim"
#define PACKAGE_TARNAME "or1ksim"
#define PACKAGE_VERSION "2011-08-15"
#define PACKAGE_STRING "or1ksim 2011-08-15"
#define PACKAGE_BUGREPORT "openrisc@opencores.org"
#define PACKAGE_URL ""
#define STDC_HEADERS 1
#define HAVE_SYS_TYPES_H 1
#define HAVE_SYS_STAT_H 1
#define HAVE_STDLIB_H 1
#define HAVE_STRING_H 1
#define HAVE_MEMORY_H 1
#define HAVE_STRINGS_H 1
#define HAVE_INTTYPES_H 1
#define HAVE_STDINT_H 1
#define HAVE_UNISTD_H 1
#define __EXTENSIONS__ 1
#define _ALL_SOURCE 1
#define _GNU_SOURCE 1
#define _POSIX_PTHREAD_SEMANTICS 1
#define _TANDEM_SOURCE 1
#define HAVE_DLFCN_H 1
#define LT_OBJDIR ".libs/"
#define PACKAGE "or1ksim"
#define VERSION "2011-08-15"
#define OR32_TYPES 1
#define OR32_BIG_ENDIAN 1
#define RETSIGTYPE void
#define HAVE_UNISTD_H 1
#define HAVE_STDLIB_H 1
#define HAVE_STDARG_H 1
#define HAVE_STRING_H 1
#define HAVE_STRINGS_H 1
#define HAVE_SYS_STROPTS_H 1
#define HAVE_SYS_SELECT_H 1
#define HAVE_TERMCAP_H 1
#define HAVE_TERMIOS_H 1
#define HAVE_TERMIO_H 1
#define HAVE_SYS_FILE_H 1
#define HAVE_LOCALE_H 1
#define HAVE_GETOPT_H 1
#define HAVE_NET_ETHERNET_H 1
#define HAVE_MALLOC_H 1
#define HAVE_INTTYPES_H 1
#define HAVE_LIBINTL_H 1
#define HAVE_LIMITS_H 1
#define HAVE_LINUX_IF_TUN_H 1
#define HAVE_STRCASECMP 1
#define HAVE_SELECT 1
#define HAVE_SETENV 1
#define HAVE_PUTENV 1
#define HAVE_TCGETATTR 1
#define HAVE_SETLOCALE 1
#define HAVE_LSTAT 1
#define HAVE_GRANTPT 1
#define HAVE_UNLOCKPT 1
#define HAVE_PTSNAME 1
#define HAVE_ON_EXIT 1
#define HAVE_BASENAME 1
#define HAVE_STRCOLL 1
#define HAVE_DECL_I_PUSH 0
#define HAVE_DECL_RL_EVENT_HOOK 0
#define HAVE_STRNDUP 1
#define HAVE_STRCASECMP 1
#define HAVE_ISBLANK 1
#define HAVE_STDLIB_H 1
#define HAVE_MALLOC 1
#define HAVE_STRFTIME 1
#define HAVE_BZERO 1
#define HAVE_STRCHR 1
#define HAVE_STRCSPN 1
#define HAVE_STRRCHR 1
#define HAVE_STRTOL 1
#define CC_HAS_LONG_LONG 1
#define HAVE_UINT8_T 1
#define HAVE_UINT16_T 1
#define HAVE_UINT32_T 1
#define HAVE_INT8_T 1
#define HAVE_INT16_T 1
#define HAVE_INT32_T 1
#define SIZEOF_CHAR 1
#define SIZEOF_SHORT 2
#define SIZEOF_INT 4
#define SIZEOF_LONG 8
#define SIZEOF_LONG_LONG 8
#define HAVE___COMPAR_FN_T 1
#define RAW_RANGE_STATS 0
#define HAVE_ETH_PHY 0
#define HAVE_UNSIGNED_XORI 0
#define SIMPLE_EXECUTION 1 == 0
#define COMPLEX_EXECUTION 1 == 1
#define HAVE_EXECUTION 1

configure: exit 0

## ---------------------- ##
## Running config.status. ##
## ---------------------- ##

This file was extended by or1ksim config.status 2011-08-15, which was
generated by GNU Autoconf 2.68.  Invocation command line was

  CONFIG_FILES    = 
  CONFIG_HEADERS  = 
  CONFIG_LINKS    = 
  CONFIG_COMMANDS = 
  $ ./config.status 

on oxygen

config.status:1210: creating Makefile
config.status:1210: creating argtable2/Makefile
config.status:1210: creating bpb/Makefile
config.status:1210: creating cache/Makefile
config.status:1210: creating cpu/Makefile
config.status:1210: creating cpu/common/Makefile
config.status:1210: creating cpu/or1k/Makefile
config.status:1210: creating cuc/Makefile
config.status:1210: creating softfloat/Makefile
config.status:1210: creating debug/Makefile
config.status:1210: creating doc/Makefile
config.status:1210: creating mmu/Makefile
config.status:1210: creating peripheral/Makefile
config.status:1210: creating peripheral/channels/Makefile
config.status:1210: creating pm/Makefile
config.status:1210: creating pic/Makefile
config.status:1210: creating pcu/Makefile
config.status:1210: creating port/Makefile
config.status:1210: creating support/Makefile
config.status:1210: creating testsuite/Makefile
config.status:1210: creating testsuite/config/Makefile
config.status:1210: creating testsuite/lib/Makefile
config.status:1210: creating testsuite/libsim.tests/Makefile
config.status:1210: creating testsuite/or1ksim.tests/Makefile
config.status:1210: creating testsuite/test-code/Makefile
config.status:1210: creating testsuite/test-code/lib-iftest/Makefile
config.status:1210: creating testsuite/test-code/lib-inttest/Makefile
config.status:1210: creating testsuite/test-code/lib-jtag/Makefile
config.status:1210: creating testsuite/test-code/lib-upcalls/Makefile
config.status:1210: creating tick/Makefile
config.status:1210: creating vapi/Makefile
config.status:1210: creating cpu/or32/Makefile
config.status:1210: creating config.h
config.status:1391: config.h is unchanged
config.status:1439: executing libtool commands
config.status:1439: executing depfiles commands

## ---------------------- ##
## Running config.status. ##
## ---------------------- ##

This file was extended by or1ksim config.status 2011-08-15, which was
generated by GNU Autoconf 2.68.  Invocation command line was

  CONFIG_FILES    = 
  CONFIG_HEADERS  = 
  CONFIG_LINKS    = 
  CONFIG_COMMANDS = 
  $ ./config.status config.h

on oxygen

config.status:1210: creating config.h
config.status:1391: config.h is unchanged
